2018-03-28 18:14:03 +0000  Initial pipeline context: <IDEDistributionProcessingPipelineContext: 0x7fd461d005e0; archive(resolved)='<IDEArchive: 0x7fd461e48b20>', distributionTask(resolved)='2', distributionMethod(resolved)='<IDEDistributionMethodDevelopmentSigned: 0x7fd461657f90>', team(resolved)='<IDEProvisioningBasicTeam 0x7fd462afa240: teamID: N47KSZ55L9, teamName: Harischandra Prasad Tirumani>'>
	Chain (11, self inclusive):
	<IDEDistributionProcessingPipelineContext: 0x7fd461d005e0; archive = '<IDEArchive: 0x7fd461e48b20>', distributionMethod='<IDEDistributionMethodDevelopmentSigned: 0x7fd461657f90>', team='<IDEProvisioningBasicTeam 0x7fd462afa240: teamID: N47KSZ55L9, teamName: Harischandra Prasad Tirumani>'>
	<IDEDistributionProcessingPipelineContext: 0x7fd461d00180; archive = '<IDEArchive: 0x7fd461e48b20>', distributionMethod='<IDEDistributionMethodDevelopmentSigned: 0x7fd461657f90>', team='<IDEProvisioningBasicTeam 0x7fd462afa240: teamID: N47KSZ55L9, teamName: Harischandra Prasad Tirumani>'>
	<IDEDistributionContext: 0x7fd45dcc13f0; archive = '<IDEArchive: 0x7fd461e48b20>', distributionMethod='<IDEDistributionMethodDevelopmentSigned: 0x7fd461657f90>', team='<IDEProvisioningBasicTeam 0x7fd462afa240: teamID: N47KSZ55L9, teamName: Harischandra Prasad Tirumani>'>
	<IDEDistributionContext: 0x7fd4616322c0; archive = '<IDEArchive: 0x7fd461e48b20>', distributionMethod='<IDEDistributionMethodDevelopmentSigned: 0x7fd461657f90>', team='<IDEProvisioningBasicTeam 0x7fd462afa240: teamID: N47KSZ55L9, teamName: Harischandra Prasad Tirumani>'>
	<IDEDistributionContext: 0x7fd4629d4090; archive = '<IDEArchive: 0x7fd461e48b20>', distributionMethod='<IDEDistributionMethodDevelopmentSigned: 0x7fd461657f90>', team='<IDEProvisioningBasicTeam 0x7fd462afa240: teamID: N47KSZ55L9, teamName: Harischandra Prasad Tirumani>'>
	<IDEDistributionContext: 0x7fd461e57af0; archive = '<IDEArchive: 0x7fd461e48b20>', distributionMethod='<IDEDistributionMethodDevelopmentSigned: 0x7fd461657f90>', team='<IDEProvisioningBasicTeam 0x7fd462afa240: teamID: N47KSZ55L9, teamName: Harischandra Prasad Tirumani>'>
	<IDEDistributionContext: 0x7fd45e7d6200; archive = '<IDEArchive: 0x7fd461e48b20>', distributionMethod='<IDEDistributionMethodDevelopmentSigned: 0x7fd461657f90>', team='<IDEProvisioningBasicTeam 0x7fd462afa240: teamID: N47KSZ55L9, teamName: Harischandra Prasad Tirumani>'>
	<IDEDistributionContext: 0x7fd45e72dbb0; archive = '<IDEArchive: 0x7fd461e48b20>', distributionMethod='<IDEDistributionMethodDevelopmentSigned: 0x7fd461657f90>', team='<IDEProvisioningBasicTeam 0x7fd462afa240: teamID: N47KSZ55L9, teamName: Harischandra Prasad Tirumani>'>
	<IDEDistributionContext: 0x7fd461eeaf80; archive = '<IDEArchive: 0x7fd461e48b20>', distributionMethod='<IDEDistributionMethodDevelopmentSigned: 0x7fd461657f90>', team='<IDEProvisioningBasicTeam 0x7fd462afa240: teamID: N47KSZ55L9, teamName: Harischandra Prasad Tirumani>'>
	<IDEDistributionContext: 0x7fd4615e8cb0; archive = '<IDEArchive: 0x7fd461e48b20>', distributionMethod='<IDEDistributionMethodDevelopmentSigned: 0x7fd461657f90>', team='(null)'>
	<IDEDistributionContext: 0x7fd45e8d3980; archive = '<IDEArchive: 0x7fd461e48b20>', distributionMethod='(null)', team='(null)'>
</IDEDistributionProcessingPipelineContext: 0x7fd461d005e0>
2018-03-28 18:14:03 +0000  Processing step: IDEDistributionCreateDestRootStep
2018-03-28 18:14:03 +0000  Processing step: IDEDistributionCopyItemStep
2018-03-28 18:14:03 +0000  Running /usr/bin/ditto '-V' '/Users/harish/Library/Developer/Xcode/Archives/2018-03-28/RtspClient 28-03-18, 23.33.xcarchive/Products/Applications/RtspClient.app' '/var/folders/45/fcfk8dtx7x7dftnzgcmz0ty00000gn/T/XcodeDistPipeline.tlq/Root/Payload/RtspClient.app'
2018-03-28 18:14:03 +0000  >>> Copying /Users/harish/Library/Developer/Xcode/Archives/2018-03-28/RtspClient 28-03-18, 23.33.xcarchive/Products/Applications/RtspClient.app 
2018-03-28 18:14:03 +0000  copying file ./_CodeSignature/CodeResources ... 
2018-03-28 18:14:03 +0000  25193 bytes for ./_CodeSignature/CodeResources
2018-03-28 18:14:03 +0000  copying file ./AppIcon20x20@2x.png ... 
2018-03-28 18:14:03 +0000  3803 bytes for ./AppIcon20x20@2x.png
copying file ./AppIcon57x57.png ... 
2018-03-28 18:14:03 +0000  3884 bytes for ./AppIcon57x57.png
copying file ./AppIcon20x20@3x.png ... 
2018-03-28 18:14:03 +0000  3941 bytes for ./AppIcon20x20@3x.png
copying file ./AppIcon29x29.png ... 
2018-03-28 18:14:03 +0000  3716 bytes for ./AppIcon29x29.png
copying file ./RtspClient ... 
2018-03-28 18:14:03 +0000  23252016 bytes for ./RtspClient
copying file ./AppIcon60x60@2x.png ... 
2018-03-28 18:14:03 +0000  4551 bytes for ./AppIcon60x60@2x.png
copying file ./AppIcon72x72@2x~ipad.png ... 
4806 bytes for ./AppIcon72x72@2x~ipad.png
copying file ./AppIcon29x29@2x.png ... 
3905 bytes for ./AppIcon29x29@2x.png
copying file ./AppIcon40x40@3x.png ... 
4551 bytes for ./AppIcon40x40@3x.png
copying file ./AppIcon57x57@2x.png ... 
4497 bytes for ./AppIcon57x57@2x.png
copying file ./AppIcon29x29~ipad.png ... 
3716 bytes for ./AppIcon29x29~ipad.png
copying file ./AppIcon40x40@2x.png ... 
4216 bytes for ./AppIcon40x40@2x.png
copying file ./AppIcon29x29@3x.png ... 
4276 bytes for ./AppIcon29x29@3x.png
copying file ./AppIcon60x60@3x.png ... 
5169 bytes for ./AppIcon60x60@3x.png
copying file ./Base.lproj/Main.storyboardc/SnapshotPreviewViewController.nib/objects-11.0+.nib ... 
1309 bytes for ./Base.lproj/Main.storyboardc/SnapshotPreviewViewController.nib/objects-11.0+.nib
copying file ./Base.lproj/Main.storyboardc/SnapshotPreviewViewController.nib/runtime.nib ... 
1309 bytes for ./Base.lproj/Main.storyboardc/SnapshotPreviewViewController.nib/runtime.nib
copying file ./Base.lproj/Main.storyboardc/IGG-JU-OR7-view-14r-mE-kll.nib/objects-11.0+.nib ... 
4656 bytes for ./Base.lproj/Main.storyboardc/IGG-JU-OR7-view-14r-mE-kll.nib/objects-11.0+.nib
copying file ./Base.lproj/Main.storyboardc/IGG-JU-OR7-view-14r-mE-kll.nib/runtime.nib ... 
4786 bytes for ./Base.lproj/Main.storyboardc/IGG-JU-OR7-view-14r-mE-kll.nib/runtime.nib
copying file ./Base.lproj/Main.storyboardc/UITableViewController-IGG-JU-OR7.nib/objects-11.0+.nib ... 
1185 bytes for ./Base.lproj/Main.storyboardc/UITableViewController-IGG-JU-OR7.nib/objects-11.0+.nib
copying file ./Base.lproj/Main.storyboardc/UITableViewController-IGG-JU-OR7.nib/runtime.nib ... 
1185 bytes for ./Base.lproj/Main.storyboardc/UITableViewController-IGG-JU-OR7.nib/runtime.nib
copying file ./Base.lproj/Main.storyboardc/UIViewController-hN9-fo-Gub.nib/objects-11.0+.nib ... 
1140 bytes for ./Base.lproj/Main.storyboardc/UIViewController-hN9-fo-Gub.nib/objects-11.0+.nib
copying file ./Base.lproj/Main.storyboardc/UIViewController-hN9-fo-Gub.nib/runtime.nib ... 
1140 bytes for ./Base.lproj/Main.storyboardc/UIViewController-hN9-fo-Gub.nib/runtime.nib
copying file ./Base.lproj/Main.storyboardc/UINavigationController-KNW-4C-XfR.nib/objects-11.0+.nib ... 
2623 bytes for ./Base.lproj/Main.storyboardc/UINavigationController-KNW-4C-XfR.nib/objects-11.0+.nib
copying file ./Base.lproj/Main.storyboardc/UINavigationController-KNW-4C-XfR.nib/runtime.nib ... 
2632 bytes for ./Base.lproj/Main.storyboardc/UINavigationController-KNW-4C-XfR.nib/runtime.nib
copying file ./Base.lproj/Main.storyboardc/hN9-fo-Gub-view-0Sn-mN-wk5.nib/objects-11.0+.nib ... 
1803 bytes for ./Base.lproj/Main.storyboardc/hN9-fo-Gub-view-0Sn-mN-wk5.nib/objects-11.0+.nib
copying file ./Base.lproj/Main.storyboardc/hN9-fo-Gub-view-0Sn-mN-wk5.nib/runtime.nib ... 
2018-03-28 18:14:03 +0000  1803 bytes for ./Base.lproj/Main.storyboardc/hN9-fo-Gub-view-0Sn-mN-wk5.nib/runtime.nib
copying file ./Base.lproj/Main.storyboardc/UIViewController-De0-mL-H5n.nib/objects-11.0+.nib ... 
1127 bytes for ./Base.lproj/Main.storyboardc/UIViewController-De0-mL-H5n.nib/objects-11.0+.nib
copying file ./Base.lproj/Main.storyboardc/UIViewController-De0-mL-H5n.nib/runtime.nib ... 
1127 bytes for ./Base.lproj/Main.storyboardc/UIViewController-De0-mL-H5n.nib/runtime.nib
2018-03-28 18:14:03 +0000  copying file ./Base.lproj/Main.storyboardc/4ng-KB-MZ3-view-9D7-8F-ojn.nib/objects-11.0+.nib ... 
2018-03-28 18:14:03 +0000  1804 bytes for ./Base.lproj/Main.storyboardc/4ng-KB-MZ3-view-9D7-8F-ojn.nib/objects-11.0+.nib
copying file ./Base.lproj/Main.storyboardc/4ng-KB-MZ3-view-9D7-8F-ojn.nib/runtime.nib ... 
1804 bytes for ./Base.lproj/Main.storyboardc/4ng-KB-MZ3-view-9D7-8F-ojn.nib/runtime.nib
copying file ./Base.lproj/Main.storyboardc/BYZ-38-t0r-view-8bC-Xf-vdC.nib/objects-11.0+.nib ... 
6077 bytes for ./Base.lproj/Main.storyboardc/BYZ-38-t0r-view-8bC-Xf-vdC.nib/objects-11.0+.nib
copying file ./Base.lproj/Main.storyboardc/BYZ-38-t0r-view-8bC-Xf-vdC.nib/runtime.nib ... 
2018-03-28 18:14:03 +0000  6085 bytes for ./Base.lproj/Main.storyboardc/BYZ-38-t0r-view-8bC-Xf-vdC.nib/runtime.nib
copying file ./Base.lproj/Main.storyboardc/Info.plist ... 
563 bytes for ./Base.lproj/Main.storyboardc/Info.plist
copying file ./Base.lproj/Main.storyboardc/De0-mL-H5n-view-pnO-bp-Q3z.nib/objects-11.0+.nib ... 
2018-03-28 18:14:03 +0000  1803 bytes for ./Base.lproj/Main.storyboardc/De0-mL-H5n-view-pnO-bp-Q3z.nib/objects-11.0+.nib
copying file ./Base.lproj/Main.storyboardc/De0-mL-H5n-view-pnO-bp-Q3z.nib/runtime.nib ... 
2018-03-28 18:14:03 +0000  1803 bytes for ./Base.lproj/Main.storyboardc/De0-mL-H5n-view-pnO-bp-Q3z.nib/runtime.nib
2018-03-28 18:14:03 +0000  copying file ./Base.lproj/LaunchScreen.storyboardc/01J-lp-oVM-view-Ze5-6b-2t3.nib ... 
2018-03-28 18:14:03 +0000  1792 bytes for ./Base.lproj/LaunchScreen.storyboardc/01J-lp-oVM-view-Ze5-6b-2t3.nib
2018-03-28 18:14:03 +0000  copying file ./Base.lproj/LaunchScreen.storyboardc/UIViewController-01J-lp-oVM.nib ... 
2018-03-28 18:14:03 +0000  832 bytes for ./Base.lproj/LaunchScreen.storyboardc/UIViewController-01J-lp-oVM.nib
copying file ./Base.lproj/LaunchScreen.storyboardc/Info.plist ... 
2018-03-28 18:14:03 +0000  258 bytes for ./Base.lproj/LaunchScreen.storyboardc/Info.plist
2018-03-28 18:14:03 +0000  copying file ./archived-expanded-entitlements.xcent ... 
2018-03-28 18:14:03 +0000  406 bytes for ./archived-expanded-entitlements.xcent
copying file ./Assets.car ... 
2018-03-28 18:14:03 +0000  233496 bytes for ./Assets.car
copying file ./AppIcon40x40@2x~ipad.png ... 
2018-03-28 18:14:03 +0000  4216 bytes for ./AppIcon40x40@2x~ipad.png
2018-03-28 18:14:03 +0000  copying file ./AppIcon76x76@2x~ipad.png ... 
2018-03-28 18:14:03 +0000  4893 bytes for ./AppIcon76x76@2x~ipad.png
2018-03-28 18:14:03 +0000  copying file ./AppIcon72x72~ipad.png ... 
2018-03-28 18:14:03 +0000  4121 bytes for ./AppIcon72x72~ipad.png
copying file ./AppIcon83.5x83.5@2x~ipad.png ... 
2018-03-28 18:14:03 +0000  5060 bytes for ./AppIcon83.5x83.5@2x~ipad.png
2018-03-28 18:14:03 +0000  copying file ./AppIcon50x50~ipad.png ... 
2018-03-28 18:14:03 +0000  3818 bytes for ./AppIcon50x50~ipad.png
2018-03-28 18:14:03 +0000  copying file ./AppIcon29x29@2x~ipad.png ... 
2018-03-28 18:14:03 +0000  3905 bytes for ./AppIcon29x29@2x~ipad.png
copying file ./AppIcon50x50@2x~ipad.png ... 
2018-03-28 18:14:03 +0000  4422 bytes for ./AppIcon50x50@2x~ipad.png
2018-03-28 18:14:03 +0000  copying file ./AppIcon40x40~ipad.png ... 
2018-03-28 18:14:03 +0000  3803 bytes for ./AppIcon40x40~ipad.png
2018-03-28 18:14:03 +0000  copying file ./Frameworks/libswiftCoreImage.dylib ... 
2018-03-28 18:14:03 +0000  208928 bytes for ./Frameworks/libswiftCoreImage.dylib
2018-03-28 18:14:03 +0000  copying file ./Frameworks/libswiftObjectiveC.dylib ... 
2018-03-28 18:14:03 +0000  259008 bytes for ./Frameworks/libswiftObjectiveC.dylib
2018-03-28 18:14:03 +0000  copying file ./Frameworks/libswiftCore.dylib ... 
2018-03-28 18:14:03 +0000  21079648 bytes for ./Frameworks/libswiftCore.dylib
copying file ./Frameworks/libswiftCoreGraphics.dylib ... 
2018-03-28 18:14:03 +0000  577824 bytes for ./Frameworks/libswiftCoreGraphics.dylib
copying file ./Frameworks/libswiftUIKit.dylib ... 
361552 bytes for ./Frameworks/libswiftUIKit.dylib
copying file ./Frameworks/libswiftMetal.dylib ... 
251312 bytes for ./Frameworks/libswiftMetal.dylib
copying file ./Frameworks/libswiftDispatch.dylib ... 
2018-03-28 18:14:03 +0000  1009312 bytes for ./Frameworks/libswiftDispatch.dylib
copying file ./Frameworks/libswiftos.dylib ... 
248976 bytes for ./Frameworks/libswiftos.dylib
copying file ./Frameworks/libswiftCoreFoundation.dylib ... 
2018-03-28 18:14:03 +0000  208352 bytes for ./Frameworks/libswiftCoreFoundation.dylib
copying file ./Frameworks/libswiftDarwin.dylib ... 
303136 bytes for ./Frameworks/libswiftDarwin.dylib
copying file ./Frameworks/libswiftQuartzCore.dylib ... 
212272 bytes for ./Frameworks/libswiftQuartzCore.dylib
copying file ./Frameworks/libswiftCoreAudio.dylib ... 
353920 bytes for ./Frameworks/libswiftCoreAudio.dylib
copying file ./Frameworks/libswiftAVFoundation.dylib ... 
504448 bytes for ./Frameworks/libswiftAVFoundation.dylib
copying file ./Frameworks/libswiftFoundation.dylib ... 
2018-03-28 18:14:03 +0000  8413344 bytes for ./Frameworks/libswiftFoundation.dylib
copying file ./Frameworks/libswiftCoreMedia.dylib ... 
2018-03-28 18:14:03 +0000  253712 bytes for ./Frameworks/libswiftCoreMedia.dylib
copying file ./Frameworks/libswiftsimd.dylib ... 
1361312 bytes for ./Frameworks/libswiftsimd.dylib
copying file ./AppIcon20x20~ipad.png ... 
3590 bytes for ./AppIcon20x20~ipad.png
copying file ./embedded.mobileprovision ... 
7626 bytes for ./embedded.mobileprovision
copying file ./AppIcon20x20@2x~ipad.png ... 
3803 bytes for ./AppIcon20x20@2x~ipad.png
copying file ./Info.plist ... 
1317 bytes for ./Info.plist
copying file ./PkgInfo ... 
8 bytes for ./PkgInfo
copying file ./AppIcon76x76~ipad.png ... 
4184 bytes for ./AppIcon76x76~ipad.png
2018-03-28 18:14:03 +0000  2018-03-28 18:14:03 +0000  /usr/bin/ditto exited with 0

2018-03-28 18:14:03 +0000  
2018-03-28 18:14:03 +0000  Processing step: IDEDistributionEmbedProfileStep
2018-03-28 18:14:03 +0000  Skipping profile for item: <IDEDistributionItem: 0x7fd4617022f0 'com.apple.dt.runtime.swiftAVFoundation' '<DVTFilePath:0x7fd462d8d940:'/Users/harish/Library/Developer/Xcode/Archives/2018-03-28/RtspClient 28-03-18, 23.33.xcarchive/Products/Applications/RtspClient.app/Frameworks/libswiftAVFoundation.dylib'>'>
2018-03-28 18:14:03 +0000  Skipping profile for item: <IDEDistributionItem: 0x7fd4608da650 'com.apple.dt.runtime.swiftCore' '<DVTFilePath:0x7fd46197ef40:'/Users/harish/Library/Developer/Xcode/Archives/2018-03-28/RtspClient 28-03-18, 23.33.xcarchive/Products/Applications/RtspClient.app/Frameworks/libswiftCore.dylib'>'>
2018-03-28 18:14:03 +0000  Skipping profile for item: <IDEDistributionItem: 0x7fd462c82980 'com.apple.dt.runtime.swiftCoreAudio' '<DVTFilePath:0x7fd462dd21c0:'/Users/harish/Library/Developer/Xcode/Archives/2018-03-28/RtspClient 28-03-18, 23.33.xcarchive/Products/Applications/RtspClient.app/Frameworks/libswiftCoreAudio.dylib'>'>
2018-03-28 18:14:03 +0000  Skipping profile for item: <IDEDistributionItem: 0x7fd45da76150 'com.apple.dt.runtime.swiftCoreFoundation' '<DVTFilePath:0x7fd461fce020:'/Users/harish/Library/Developer/Xcode/Archives/2018-03-28/RtspClient 28-03-18, 23.33.xcarchive/Products/Applications/RtspClient.app/Frameworks/libswiftCoreFoundation.dylib'>'>
2018-03-28 18:14:03 +0000  Skipping profile for item: <IDEDistributionItem: 0x7fd4609023f0 'com.apple.dt.runtime.swiftCoreGraphics' '<DVTFilePath:0x7fd462c7ad70:'/Users/harish/Library/Developer/Xcode/Archives/2018-03-28/RtspClient 28-03-18, 23.33.xcarchive/Products/Applications/RtspClient.app/Frameworks/libswiftCoreGraphics.dylib'>'>
2018-03-28 18:14:03 +0000  Skipping profile for item: <IDEDistributionItem: 0x7fd45eb423f0 'com.apple.dt.runtime.swiftCoreImage' '<DVTFilePath:0x7fd462ac0ee0:'/Users/harish/Library/Developer/Xcode/Archives/2018-03-28/RtspClient 28-03-18, 23.33.xcarchive/Products/Applications/RtspClient.app/Frameworks/libswiftCoreImage.dylib'>'>
2018-03-28 18:14:03 +0000  Skipping profile for item: <IDEDistributionItem: 0x7fd461e5edf0 'com.apple.dt.runtime.swiftCoreMedia' '<DVTFilePath:0x7fd462d410d0:'/Users/harish/Library/Developer/Xcode/Archives/2018-03-28/RtspClient 28-03-18, 23.33.xcarchive/Products/Applications/RtspClient.app/Frameworks/libswiftCoreMedia.dylib'>'>
2018-03-28 18:14:03 +0000  Skipping profile for item: <IDEDistributionItem: 0x7fd45930fdd0 'com.apple.dt.runtime.swiftDarwin' '<DVTFilePath:0x7fd462af7910:'/Users/harish/Library/Developer/Xcode/Archives/2018-03-28/RtspClient 28-03-18, 23.33.xcarchive/Products/Applications/RtspClient.app/Frameworks/libswiftDarwin.dylib'>'>
2018-03-28 18:14:03 +0000  Skipping profile for item: <IDEDistributionItem: 0x7fd460ca6350 'com.apple.dt.runtime.swiftDispatch' '<DVTFilePath:0x7fd461fa8610:'/Users/harish/Library/Developer/Xcode/Archives/2018-03-28/RtspClient 28-03-18, 23.33.xcarchive/Products/Applications/RtspClient.app/Frameworks/libswiftDispatch.dylib'>'>
2018-03-28 18:14:03 +0000  Skipping profile for item: <IDEDistributionItem: 0x7fd46082aed0 'com.apple.dt.runtime.swiftFoundation' '<DVTFilePath:0x7fd461f2cec0:'/Users/harish/Library/Developer/Xcode/Archives/2018-03-28/RtspClient 28-03-18, 23.33.xcarchive/Products/Applications/RtspClient.app/Frameworks/libswiftFoundation.dylib'>'>
2018-03-28 18:14:03 +0000  Skipping profile for item: <IDEDistributionItem: 0x7fd460a99890 'com.apple.dt.runtime.swiftMetal' '<DVTFilePath:0x7fd461f856c0:'/Users/harish/Library/Developer/Xcode/Archives/2018-03-28/RtspClient 28-03-18, 23.33.xcarchive/Products/Applications/RtspClient.app/Frameworks/libswiftMetal.dylib'>'>
2018-03-28 18:14:03 +0000  Skipping profile for item: <IDEDistributionItem: 0x7fd46133af70 'com.apple.dt.runtime.swiftObjectiveC' '<DVTFilePath:0x7fd461fb6ac0:'/Users/harish/Library/Developer/Xcode/Archives/2018-03-28/RtspClient 28-03-18, 23.33.xcarchive/Products/Applications/RtspClient.app/Frameworks/libswiftObjectiveC.dylib'>'>
2018-03-28 18:14:03 +0000  Skipping profile for item: <IDEDistributionItem: 0x7fd462cf8610 'com.apple.dt.runtime.swiftQuartzCore' '<DVTFilePath:0x7fd462d8a8c0:'/Users/harish/Library/Developer/Xcode/Archives/2018-03-28/RtspClient 28-03-18, 23.33.xcarchive/Products/Applications/RtspClient.app/Frameworks/libswiftQuartzCore.dylib'>'>
2018-03-28 18:14:03 +0000  Skipping profile for item: <IDEDistributionItem: 0x7fd461f89fe0 'com.apple.dt.runtime.swiftUIKit' '<DVTFilePath:0x7fd461fa8fe0:'/Users/harish/Library/Developer/Xcode/Archives/2018-03-28/RtspClient 28-03-18, 23.33.xcarchive/Products/Applications/RtspClient.app/Frameworks/libswiftUIKit.dylib'>'>
2018-03-28 18:14:03 +0000  Skipping profile for item: <IDEDistributionItem: 0x7fd4613b2f30 'com.apple.dt.runtime.swiftos' '<DVTFilePath:0x7fd4619e96f0:'/Users/harish/Library/Developer/Xcode/Archives/2018-03-28/RtspClient 28-03-18, 23.33.xcarchive/Products/Applications/RtspClient.app/Frameworks/libswiftos.dylib'>'>
2018-03-28 18:14:03 +0000  Skipping profile for item: <IDEDistributionItem: 0x7fd461ed15e0 'com.apple.dt.runtime.swiftsimd' '<DVTFilePath:0x7fd461f75810:'/Users/harish/Library/Developer/Xcode/Archives/2018-03-28/RtspClient 28-03-18, 23.33.xcarchive/Products/Applications/RtspClient.app/Frameworks/libswiftsimd.dylib'>'>
2018-03-28 18:14:03 +0000  Processing step: IDEDistributionAppThinningPlistStep
2018-03-28 18:14:03 +0000  Skipping step: IDEDistributionAppThinningPlistStep because it said so
2018-03-28 18:14:03 +0000  Processing step: IDEDistributionCompileBitcodeStep
2018-03-28 18:14:03 +0000  Skipping step: IDEDistributionCompileBitcodeStep because it said so
2018-03-28 18:14:03 +0000  Processing step: IDEDistributionCodeSlimmingStep
2018-03-28 18:14:03 +0000  Processing step: IDEDistributionCopyBCSymbolMapsStep
2018-03-28 18:14:03 +0000  Skipping step: IDEDistributionCopyBCSymbolMapsStep because it said so
2018-03-28 18:14:03 +0000  Skipping step: IDEDistributionCopyBCSymbolMapsStep because it said so
2018-03-28 18:14:03 +0000  Skipping step: IDEDistributionCopyBCSymbolMapsStep because it said so
2018-03-28 18:14:03 +0000  Skipping step: IDEDistributionCopyBCSymbolMapsStep because it said so
2018-03-28 18:14:03 +0000  Skipping step: IDEDistributionCopyBCSymbolMapsStep because it said so
2018-03-28 18:14:03 +0000  Skipping step: IDEDistributionCopyBCSymbolMapsStep because it said so
2018-03-28 18:14:03 +0000  Skipping step: IDEDistributionCopyBCSymbolMapsStep because it said so
2018-03-28 18:14:03 +0000  Skipping step: IDEDistributionCopyBCSymbolMapsStep because it said so
2018-03-28 18:14:03 +0000  Skipping step: IDEDistributionCopyBCSymbolMapsStep because it said so
2018-03-28 18:14:03 +0000  Skipping step: IDEDistributionCopyBCSymbolMapsStep because it said so
2018-03-28 18:14:03 +0000  Skipping step: IDEDistributionCopyBCSymbolMapsStep because it said so
2018-03-28 18:14:03 +0000  Skipping step: IDEDistributionCopyBCSymbolMapsStep because it said so
2018-03-28 18:14:03 +0000  Skipping step: IDEDistributionCopyBCSymbolMapsStep because it said so
2018-03-28 18:14:03 +0000  Skipping step: IDEDistributionCopyBCSymbolMapsStep because it said so
2018-03-28 18:14:03 +0000  Skipping step: IDEDistributionCopyBCSymbolMapsStep because it said so
2018-03-28 18:14:03 +0000  Skipping step: IDEDistributionCopyBCSymbolMapsStep because it said so
2018-03-28 18:14:03 +0000  Skipping step: IDEDistributionCopyBCSymbolMapsStep because it said so
2018-03-28 18:14:03 +0000  Processing step: IDEDistributionSymbolsStep
2018-03-28 18:14:03 +0000  Skipping step: IDEDistributionSymbolsStep because it said so
2018-03-28 18:14:03 +0000  Skipping step: IDEDistributionSymbolsStep because it said so
2018-03-28 18:14:03 +0000  Skipping step: IDEDistributionSymbolsStep because it said so
2018-03-28 18:14:03 +0000  Skipping step: IDEDistributionSymbolsStep because it said so
2018-03-28 18:14:03 +0000  Skipping step: IDEDistributionSymbolsStep because it said so
2018-03-28 18:14:03 +0000  Skipping step: IDEDistributionSymbolsStep because it said so
2018-03-28 18:14:03 +0000  Skipping step: IDEDistributionSymbolsStep because it said so
2018-03-28 18:14:03 +0000  Skipping step: IDEDistributionSymbolsStep because it said so
2018-03-28 18:14:03 +0000  Skipping step: IDEDistributionSymbolsStep because it said so
2018-03-28 18:14:03 +0000  Skipping step: IDEDistributionSymbolsStep because it said so
2018-03-28 18:14:03 +0000  Skipping step: IDEDistributionSymbolsStep because it said so
2018-03-28 18:14:03 +0000  Skipping step: IDEDistributionSymbolsStep because it said so
2018-03-28 18:14:03 +0000  Skipping step: IDEDistributionSymbolsStep because it said so
2018-03-28 18:14:03 +0000  Skipping step: IDEDistributionSymbolsStep because it said so
2018-03-28 18:14:03 +0000  Skipping step: IDEDistributionSymbolsStep because it said so
2018-03-28 18:14:03 +0000  Skipping step: IDEDistributionSymbolsStep because it said so
2018-03-28 18:14:03 +0000  Skipping step: IDEDistributionSymbolsStep because it said so
2018-03-28 18:14:03 +0000  Processing step: IDEDistributionAppThinningStep
2018-03-28 18:14:03 +0000  Skipping step: IDEDistributionAppThinningStep because it said so
2018-03-28 18:14:03 +0000  Processing step: IDEDistributionODRStep
2018-03-28 18:14:03 +0000  Processing step: IDEDistributionStripXattrsStep
2018-03-28 18:14:03 +0000  Skipping stripping extended attributes of item: <IDEDistributionItem: 0x7fd4617022f0 'com.apple.dt.runtime.swiftAVFoundation' '<DVTFilePath:0x7fd462d8d940:'/Users/harish/Library/Developer/Xcode/Archives/2018-03-28/RtspClient 28-03-18, 23.33.xcarchive/Products/Applications/RtspClient.app/Frameworks/libswiftAVFoundation.dylib'>'>
2018-03-28 18:14:03 +0000  Skipping stripping extended attributes of item: <IDEDistributionItem: 0x7fd4608da650 'com.apple.dt.runtime.swiftCore' '<DVTFilePath:0x7fd46197ef40:'/Users/harish/Library/Developer/Xcode/Archives/2018-03-28/RtspClient 28-03-18, 23.33.xcarchive/Products/Applications/RtspClient.app/Frameworks/libswiftCore.dylib'>'>
2018-03-28 18:14:03 +0000  Skipping stripping extended attributes of item: <IDEDistributionItem: 0x7fd462c82980 'com.apple.dt.runtime.swiftCoreAudio' '<DVTFilePath:0x7fd462dd21c0:'/Users/harish/Library/Developer/Xcode/Archives/2018-03-28/RtspClient 28-03-18, 23.33.xcarchive/Products/Applications/RtspClient.app/Frameworks/libswiftCoreAudio.dylib'>'>
2018-03-28 18:14:03 +0000  Skipping stripping extended attributes of item: <IDEDistributionItem: 0x7fd45da76150 'com.apple.dt.runtime.swiftCoreFoundation' '<DVTFilePath:0x7fd461fce020:'/Users/harish/Library/Developer/Xcode/Archives/2018-03-28/RtspClient 28-03-18, 23.33.xcarchive/Products/Applications/RtspClient.app/Frameworks/libswiftCoreFoundation.dylib'>'>
2018-03-28 18:14:03 +0000  Skipping stripping extended attributes of item: <IDEDistributionItem: 0x7fd4609023f0 'com.apple.dt.runtime.swiftCoreGraphics' '<DVTFilePath:0x7fd462c7ad70:'/Users/harish/Library/Developer/Xcode/Archives/2018-03-28/RtspClient 28-03-18, 23.33.xcarchive/Products/Applications/RtspClient.app/Frameworks/libswiftCoreGraphics.dylib'>'>
2018-03-28 18:14:03 +0000  Skipping stripping extended attributes of item: <IDEDistributionItem: 0x7fd45eb423f0 'com.apple.dt.runtime.swiftCoreImage' '<DVTFilePath:0x7fd462ac0ee0:'/Users/harish/Library/Developer/Xcode/Archives/2018-03-28/RtspClient 28-03-18, 23.33.xcarchive/Products/Applications/RtspClient.app/Frameworks/libswiftCoreImage.dylib'>'>
2018-03-28 18:14:03 +0000  Skipping stripping extended attributes of item: <IDEDistributionItem: 0x7fd461e5edf0 'com.apple.dt.runtime.swiftCoreMedia' '<DVTFilePath:0x7fd462d410d0:'/Users/harish/Library/Developer/Xcode/Archives/2018-03-28/RtspClient 28-03-18, 23.33.xcarchive/Products/Applications/RtspClient.app/Frameworks/libswiftCoreMedia.dylib'>'>
2018-03-28 18:14:03 +0000  Skipping stripping extended attributes of item: <IDEDistributionItem: 0x7fd45930fdd0 'com.apple.dt.runtime.swiftDarwin' '<DVTFilePath:0x7fd462af7910:'/Users/harish/Library/Developer/Xcode/Archives/2018-03-28/RtspClient 28-03-18, 23.33.xcarchive/Products/Applications/RtspClient.app/Frameworks/libswiftDarwin.dylib'>'>
2018-03-28 18:14:03 +0000  Skipping stripping extended attributes of item: <IDEDistributionItem: 0x7fd460ca6350 'com.apple.dt.runtime.swiftDispatch' '<DVTFilePath:0x7fd461fa8610:'/Users/harish/Library/Developer/Xcode/Archives/2018-03-28/RtspClient 28-03-18, 23.33.xcarchive/Products/Applications/RtspClient.app/Frameworks/libswiftDispatch.dylib'>'>
2018-03-28 18:14:03 +0000  Skipping stripping extended attributes of item: <IDEDistributionItem: 0x7fd46082aed0 'com.apple.dt.runtime.swiftFoundation' '<DVTFilePath:0x7fd461f2cec0:'/Users/harish/Library/Developer/Xcode/Archives/2018-03-28/RtspClient 28-03-18, 23.33.xcarchive/Products/Applications/RtspClient.app/Frameworks/libswiftFoundation.dylib'>'>
2018-03-28 18:14:03 +0000  Skipping stripping extended attributes of item: <IDEDistributionItem: 0x7fd460a99890 'com.apple.dt.runtime.swiftMetal' '<DVTFilePath:0x7fd461f856c0:'/Users/harish/Library/Developer/Xcode/Archives/2018-03-28/RtspClient 28-03-18, 23.33.xcarchive/Products/Applications/RtspClient.app/Frameworks/libswiftMetal.dylib'>'>
2018-03-28 18:14:03 +0000  Skipping stripping extended attributes of item: <IDEDistributionItem: 0x7fd46133af70 'com.apple.dt.runtime.swiftObjectiveC' '<DVTFilePath:0x7fd461fb6ac0:'/Users/harish/Library/Developer/Xcode/Archives/2018-03-28/RtspClient 28-03-18, 23.33.xcarchive/Products/Applications/RtspClient.app/Frameworks/libswiftObjectiveC.dylib'>'>
2018-03-28 18:14:03 +0000  Skipping stripping extended attributes of item: <IDEDistributionItem: 0x7fd462cf8610 'com.apple.dt.runtime.swiftQuartzCore' '<DVTFilePath:0x7fd462d8a8c0:'/Users/harish/Library/Developer/Xcode/Archives/2018-03-28/RtspClient 28-03-18, 23.33.xcarchive/Products/Applications/RtspClient.app/Frameworks/libswiftQuartzCore.dylib'>'>
2018-03-28 18:14:03 +0000  Skipping stripping extended attributes of item: <IDEDistributionItem: 0x7fd461f89fe0 'com.apple.dt.runtime.swiftUIKit' '<DVTFilePath:0x7fd461fa8fe0:'/Users/harish/Library/Developer/Xcode/Archives/2018-03-28/RtspClient 28-03-18, 23.33.xcarchive/Products/Applications/RtspClient.app/Frameworks/libswiftUIKit.dylib'>'>
2018-03-28 18:14:03 +0000  Skipping stripping extended attributes of item: <IDEDistributionItem: 0x7fd4613b2f30 'com.apple.dt.runtime.swiftos' '<DVTFilePath:0x7fd4619e96f0:'/Users/harish/Library/Developer/Xcode/Archives/2018-03-28/RtspClient 28-03-18, 23.33.xcarchive/Products/Applications/RtspClient.app/Frameworks/libswiftos.dylib'>'>
2018-03-28 18:14:03 +0000  Skipping stripping extended attributes of item: <IDEDistributionItem: 0x7fd461ed15e0 'com.apple.dt.runtime.swiftsimd' '<DVTFilePath:0x7fd461f75810:'/Users/harish/Library/Developer/Xcode/Archives/2018-03-28/RtspClient 28-03-18, 23.33.xcarchive/Products/Applications/RtspClient.app/Frameworks/libswiftsimd.dylib'>'>
2018-03-28 18:14:03 +0000  Running /usr/bin/xattr '-crs' '/var/folders/45/fcfk8dtx7x7dftnzgcmz0ty00000gn/T/XcodeDistPipeline.tlq/Root/Payload/RtspClient.app'
2018-03-28 18:14:03 +0000  2018-03-28 18:14:03 +0000  2018-03-28 18:14:03 +0000  /usr/bin/xattr exited with 0


2018-03-28 18:14:03 +0000  Processing step: IDEDistributionCodesignStep
2018-03-28 18:14:03 +0000  Applying entitlements delta for <IDEDistributionItem: 0x7fd4617022f0 'com.apple.dt.runtime.swiftAVFoundation' '<DVTFilePath:0x7fd462d8d940:'/Users/harish/Library/Developer/Xcode/Archives/2018-03-28/RtspClient 28-03-18, 23.33.xcarchive/Products/Applications/RtspClient.app/Frameworks/libswiftAVFoundation.dylib'>'> from <IDEiCloudEntitlementsProcessor: 0x7fd460fe46d0>: {
}
2018-03-28 18:14:03 +0000  Entitlements for <IDEDistributionItem: 0x7fd4617022f0 'com.apple.dt.runtime.swiftAVFoundation' '<DVTFilePath:0x7fd462d8d940:'/Users/harish/Library/Developer/Xcode/Archives/2018-03-28/RtspClient 28-03-18, 23.33.xcarchive/Products/Applications/RtspClient.app/Frameworks/libswiftAVFoundation.dylib'>'>: {
}
2018-03-28 18:14:03 +0000  Writing entitlements for <IDEDistributionItem: 0x7fd4617022f0 'com.apple.dt.runtime.swiftAVFoundation' '<DVTFilePath:0x7fd462d8d940:'/Users/harish/Library/Developer/Xcode/Archives/2018-03-28/RtspClient 28-03-18, 23.33.xcarchive/Products/Applications/RtspClient.app/Frameworks/libswiftAVFoundation.dylib'>'> to: /var/folders/45/fcfk8dtx7x7dftnzgcmz0ty00000gn/T/XcodeDistPipeline.tlq/entitlements3mbIcg
2018-03-28 18:14:03 +0000  Running /usr/bin/codesign '-vvv' '--force' '--sign' 'EDC4E8D4E76495FA95A1D8436239455CF8426669' '--preserve-metadata=identifier,flags' '--entitlements' '/var/folders/45/fcfk8dtx7x7dftnzgcmz0ty00000gn/T/XcodeDistPipeline.tlq/entitlements3mbIcg' '/var/folders/45/fcfk8dtx7x7dftnzgcmz0ty00000gn/T/XcodeDistPipeline.tlq/Root/Payload/RtspClient.app/Frameworks/libswiftAVFoundation.dylib'
2018-03-28 18:14:03 +0000  /var/folders/45/fcfk8dtx7x7dftnzgcmz0ty00000gn/T/XcodeDistPipeline.tlq/Root/Payload/RtspClient.app/Frameworks/libswiftAVFoundation.dylib: replacing existing signature
2018-03-28 18:14:03 +0000  /var/folders/45/fcfk8dtx7x7dftnzgcmz0ty00000gn/T/XcodeDistPipeline.tlq/Root/Payload/RtspClient.app/Frameworks/libswiftAVFoundation.dylib: signed Mach-O universal (armv7 armv7s arm64) [com.apple.dt.runtime.swiftAVFoundation]
2018-03-28 18:14:03 +0000  2018-03-28 18:14:03 +0000  

2018-03-28 18:14:03 +0000  
2018-03-28 18:14:03 +0000  
2018-03-28 18:14:03 +0000  
2018-03-28 18:14:03 +0000  
2018-03-28 18:14:03 +0000  
2018-03-28 18:14:03 +0000  
2018-03-28 18:14:03 +0000  
2018-03-28 18:14:03 +0000  
2018-03-28 18:14:03 +0000  
2018-03-28 18:14:03 +0000  
2018-03-28 18:14:03 +0000  
2018-03-28 18:14:03 +0000  
2018-03-28 18:14:03 +0000  
2018-03-28 18:14:03 +0000  
2018-03-28 18:14:03 +0000  
2018-03-28 18:14:03 +0000  
2018-03-28 18:14:03 +0000  
2018-03-28 18:14:03 +0000  
2018-03-28 18:14:03 +0000  
2018-03-28 18:14:03 +0000  
2018-03-28 18:14:03 +0000  
2018-03-28 18:14:03 +0000  2018-03-28 18:14:03 +0000  

2018-03-28 18:14:03 +0000  /usr/bin/codesign exited with 02018-03-28 18:14:03 +0000  
2018-03-28 18:14:03 +0000  

2018-03-28 18:14:03 +0000  Applying entitlements delta for <IDEDistributionItem: 0x7fd4608da650 'com.apple.dt.runtime.swiftCore' '<DVTFilePath:0x7fd46197ef40:'/Users/harish/Library/Developer/Xcode/Archives/2018-03-28/RtspClient 28-03-18, 23.33.xcarchive/Products/Applications/RtspClient.app/Frameworks/libswiftCore.dylib'>'> from <IDEiCloudEntitlementsProcessor: 0x7fd461d1bad0>: {
}
2018-03-28 18:14:03 +0000  Entitlements for <IDEDistributionItem: 0x7fd4608da650 'com.apple.dt.runtime.swiftCore' '<DVTFilePath:0x7fd46197ef40:'/Users/harish/Library/Developer/Xcode/Archives/2018-03-28/RtspClient 28-03-18, 23.33.xcarchive/Products/Applications/RtspClient.app/Frameworks/libswiftCore.dylib'>'>: {
}
2018-03-28 18:14:03 +0000  Writing entitlements for <IDEDistributionItem: 0x7fd4608da650 'com.apple.dt.runtime.swiftCore' '<DVTFilePath:0x7fd46197ef40:'/Users/harish/Library/Developer/Xcode/Archives/2018-03-28/RtspClient 28-03-18, 23.33.xcarchive/Products/Applications/RtspClient.app/Frameworks/libswiftCore.dylib'>'> to: /var/folders/45/fcfk8dtx7x7dftnzgcmz0ty00000gn/T/XcodeDistPipeline.tlq/entitlements1LlDe6
2018-03-28 18:14:03 +0000  Running /usr/bin/codesign '-vvv' '--force' '--sign' 'EDC4E8D4E76495FA95A1D8436239455CF8426669' '--preserve-metadata=identifier,flags' '--entitlements' '/var/folders/45/fcfk8dtx7x7dftnzgcmz0ty00000gn/T/XcodeDistPipeline.tlq/entitlements1LlDe6' '/var/folders/45/fcfk8dtx7x7dftnzgcmz0ty00000gn/T/XcodeDistPipeline.tlq/Root/Payload/RtspClient.app/Frameworks/libswiftCore.dylib'
2018-03-28 18:14:03 +0000  /var/folders/45/fcfk8dtx7x7dftnzgcmz0ty00000gn/T/XcodeDistPipeline.tlq/Root/Payload/RtspClient.app/Frameworks/libswiftCore.dylib: replacing existing signature
2018-03-28 18:14:04 +0000  /var/folders/45/fcfk8dtx7x7dftnzgcmz0ty00000gn/T/XcodeDistPipeline.tlq/Root/Payload/RtspClient.app/Frameworks/libswiftCore.dylib: signed Mach-O universal (armv7 armv7s arm64) [com.apple.dt.runtime.swiftCore]
2018-03-28 18:14:04 +0000  2018-03-28 18:14:04 +0000  

2018-03-28 18:14:04 +0000  
2018-03-28 18:14:04 +0000  
2018-03-28 18:14:04 +0000  
2018-03-28 18:14:04 +0000  
2018-03-28 18:14:04 +0000  
2018-03-28 18:14:04 +0000  
2018-03-28 18:14:04 +0000  
2018-03-28 18:14:04 +0000  
2018-03-28 18:14:04 +0000  
2018-03-28 18:14:04 +0000  
2018-03-28 18:14:04 +0000  
2018-03-28 18:14:04 +0000  
2018-03-28 18:14:04 +0000  
2018-03-28 18:14:04 +0000  
2018-03-28 18:14:04 +0000  
2018-03-28 18:14:04 +0000  
2018-03-28 18:14:04 +0000  
2018-03-28 18:14:04 +0000  /usr/bin/codesign exited with 0
2018-03-28 18:14:04 +0000  
2018-03-28 18:14:04 +0000  
2018-03-28 18:14:04 +0000  Applying entitlements delta for <IDEDistributionItem: 0x7fd462c82980 'com.apple.dt.runtime.swiftCoreAudio' '<DVTFilePath:0x7fd462dd21c0:'/Users/harish/Library/Developer/Xcode/Archives/2018-03-28/RtspClient 28-03-18, 23.33.xcarchive/Products/Applications/RtspClient.app/Frameworks/libswiftCoreAudio.dylib'>'> from <IDEiCloudEntitlementsProcessor: 0x7fd461f55a80>: {
}
2018-03-28 18:14:04 +0000  Entitlements for <IDEDistributionItem: 0x7fd462c82980 'com.apple.dt.runtime.swiftCoreAudio' '<DVTFilePath:0x7fd462dd21c0:'/Users/harish/Library/Developer/Xcode/Archives/2018-03-28/RtspClient 28-03-18, 23.33.xcarchive/Products/Applications/RtspClient.app/Frameworks/libswiftCoreAudio.dylib'>'>: {
}
2018-03-28 18:14:04 +0000  Writing entitlements for <IDEDistributionItem: 0x7fd462c82980 'com.apple.dt.runtime.swiftCoreAudio' '<DVTFilePath:0x7fd462dd21c0:'/Users/harish/Library/Developer/Xcode/Archives/2018-03-28/RtspClient 28-03-18, 23.33.xcarchive/Products/Applications/RtspClient.app/Frameworks/libswiftCoreAudio.dylib'>'> to: /var/folders/45/fcfk8dtx7x7dftnzgcmz0ty00000gn/T/XcodeDistPipeline.tlq/entitlementseNK2ba
2018-03-28 18:14:04 +0000  Running /usr/bin/codesign '-vvv' '--force' '--sign' 'EDC4E8D4E76495FA95A1D8436239455CF8426669' '--preserve-metadata=identifier,flags' '--entitlements' '/var/folders/45/fcfk8dtx7x7dftnzgcmz0ty00000gn/T/XcodeDistPipeline.tlq/entitlementseNK2ba' '/var/folders/45/fcfk8dtx7x7dftnzgcmz0ty00000gn/T/XcodeDistPipeline.tlq/Root/Payload/RtspClient.app/Frameworks/libswiftCoreAudio.dylib'
2018-03-28 18:14:04 +0000  /var/folders/45/fcfk8dtx7x7dftnzgcmz0ty00000gn/T/XcodeDistPipeline.tlq/Root/Payload/RtspClient.app/Frameworks/libswiftCoreAudio.dylib: replacing existing signature
2018-03-28 18:14:04 +0000  /var/folders/45/fcfk8dtx7x7dftnzgcmz0ty00000gn/T/XcodeDistPipeline.tlq/Root/Payload/RtspClient.app/Frameworks/libswiftCoreAudio.dylib: signed Mach-O universal (armv7 armv7s arm64) [com.apple.dt.runtime.swiftCoreAudio]
2018-03-28 18:14:04 +0000  2018-03-28 18:14:04 +0000  

2018-03-28 18:14:04 +0000  
2018-03-28 18:14:04 +0000  
2018-03-28 18:14:04 +0000  
2018-03-28 18:14:04 +0000  
2018-03-28 18:14:04 +0000  
2018-03-28 18:14:04 +0000  
2018-03-28 18:14:04 +0000  
2018-03-28 18:14:04 +0000  
2018-03-28 18:14:04 +0000  
2018-03-28 18:14:04 +0000  
2018-03-28 18:14:04 +0000  
2018-03-28 18:14:04 +0000  
2018-03-28 18:14:04 +0000  
2018-03-28 18:14:04 +0000  
2018-03-28 18:14:04 +0000  
2018-03-28 18:14:04 +0000  2018-03-28 18:14:04 +0000  /usr/bin/codesign exited with 0

2018-03-28 18:14:04 +0000  
2018-03-28 18:14:04 +0000  Applying entitlements delta for <IDEDistributionItem: 0x7fd45da76150 'com.apple.dt.runtime.swiftCoreFoundation' '<DVTFilePath:0x7fd461fce020:'/Users/harish/Library/Developer/Xcode/Archives/2018-03-28/RtspClient 28-03-18, 23.33.xcarchive/Products/Applications/RtspClient.app/Frameworks/libswiftCoreFoundation.dylib'>'> from <IDEiCloudEntitlementsProcessor: 0x7fd4614a9080>: {
}
2018-03-28 18:14:04 +0000  Entitlements for <IDEDistributionItem: 0x7fd45da76150 'com.apple.dt.runtime.swiftCoreFoundation' '<DVTFilePath:0x7fd461fce020:'/Users/harish/Library/Developer/Xcode/Archives/2018-03-28/RtspClient 28-03-18, 23.33.xcarchive/Products/Applications/RtspClient.app/Frameworks/libswiftCoreFoundation.dylib'>'>: {
}
2018-03-28 18:14:04 +0000  Writing entitlements for <IDEDistributionItem: 0x7fd45da76150 'com.apple.dt.runtime.swiftCoreFoundation' '<DVTFilePath:0x7fd461fce020:'/Users/harish/Library/Developer/Xcode/Archives/2018-03-28/RtspClient 28-03-18, 23.33.xcarchive/Products/Applications/RtspClient.app/Frameworks/libswiftCoreFoundation.dylib'>'> to: /var/folders/45/fcfk8dtx7x7dftnzgcmz0ty00000gn/T/XcodeDistPipeline.tlq/entitlements8xW080
2018-03-28 18:14:04 +0000  Running /usr/bin/codesign '-vvv' '--force' '--sign' 'EDC4E8D4E76495FA95A1D8436239455CF8426669' '--preserve-metadata=identifier,flags' '--entitlements' '/var/folders/45/fcfk8dtx7x7dftnzgcmz0ty00000gn/T/XcodeDistPipeline.tlq/entitlements8xW080' '/var/folders/45/fcfk8dtx7x7dftnzgcmz0ty00000gn/T/XcodeDistPipeline.tlq/Root/Payload/RtspClient.app/Frameworks/libswiftCoreFoundation.dylib'
2018-03-28 18:14:04 +0000  /var/folders/45/fcfk8dtx7x7dftnzgcmz0ty00000gn/T/XcodeDistPipeline.tlq/Root/Payload/RtspClient.app/Frameworks/libswiftCoreFoundation.dylib: replacing existing signature
2018-03-28 18:14:04 +0000  /var/folders/45/fcfk8dtx7x7dftnzgcmz0ty00000gn/T/XcodeDistPipeline.tlq/Root/Payload/RtspClient.app/Frameworks/libswiftCoreFoundation.dylib: signed Mach-O universal (armv7 armv7s arm64) [com.apple.dt.runtime.swiftCoreFoundation]
2018-03-28 18:14:04 +0000  
2018-03-28 18:14:04 +0000  
2018-03-28 18:14:04 +0000  
2018-03-28 18:14:04 +0000  
2018-03-28 18:14:04 +0000  
2018-03-28 18:14:04 +0000  
2018-03-28 18:14:04 +0000  
2018-03-28 18:14:04 +0000  
2018-03-28 18:14:04 +0000  
2018-03-28 18:14:04 +0000  
2018-03-28 18:14:04 +0000  
2018-03-28 18:14:04 +0000  
2018-03-28 18:14:04 +0000  
2018-03-28 18:14:04 +0000  
2018-03-28 18:14:04 +0000  
2018-03-28 18:14:04 +0000  
2018-03-28 18:14:04 +0000  
2018-03-28 18:14:04 +0000  
2018-03-28 18:14:04 +0000  
2018-03-28 18:14:04 +0000  /usr/bin/codesign exited with 02018-03-28 18:14:04 +0000  

2018-03-28 18:14:04 +0000  
2018-03-28 18:14:04 +0000  
2018-03-28 18:14:04 +0000  Applying entitlements delta for <IDEDistributionItem: 0x7fd4609023f0 'com.apple.dt.runtime.swiftCoreGraphics' '<DVTFilePath:0x7fd462c7ad70:'/Users/harish/Library/Developer/Xcode/Archives/2018-03-28/RtspClient 28-03-18, 23.33.xcarchive/Products/Applications/RtspClient.app/Frameworks/libswiftCoreGraphics.dylib'>'> from <IDEiCloudEntitlementsProcessor: 0x7fd461d5c1d0>: {
}
2018-03-28 18:14:04 +0000  Entitlements for <IDEDistributionItem: 0x7fd4609023f0 'com.apple.dt.runtime.swiftCoreGraphics' '<DVTFilePath:0x7fd462c7ad70:'/Users/harish/Library/Developer/Xcode/Archives/2018-03-28/RtspClient 28-03-18, 23.33.xcarchive/Products/Applications/RtspClient.app/Frameworks/libswiftCoreGraphics.dylib'>'>: {
}
2018-03-28 18:14:04 +0000  Writing entitlements for <IDEDistributionItem: 0x7fd4609023f0 'com.apple.dt.runtime.swiftCoreGraphics' '<DVTFilePath:0x7fd462c7ad70:'/Users/harish/Library/Developer/Xcode/Archives/2018-03-28/RtspClient 28-03-18, 23.33.xcarchive/Products/Applications/RtspClient.app/Frameworks/libswiftCoreGraphics.dylib'>'> to: /var/folders/45/fcfk8dtx7x7dftnzgcmz0ty00000gn/T/XcodeDistPipeline.tlq/entitlements0L2LhI
2018-03-28 18:14:04 +0000  Running /usr/bin/codesign '-vvv' '--force' '--sign' 'EDC4E8D4E76495FA95A1D8436239455CF8426669' '--preserve-metadata=identifier,flags' '--entitlements' '/var/folders/45/fcfk8dtx7x7dftnzgcmz0ty00000gn/T/XcodeDistPipeline.tlq/entitlements0L2LhI' '/var/folders/45/fcfk8dtx7x7dftnzgcmz0ty00000gn/T/XcodeDistPipeline.tlq/Root/Payload/RtspClient.app/Frameworks/libswiftCoreGraphics.dylib'
2018-03-28 18:14:04 +0000  /var/folders/45/fcfk8dtx7x7dftnzgcmz0ty00000gn/T/XcodeDistPipeline.tlq/Root/Payload/RtspClient.app/Frameworks/libswiftCoreGraphics.dylib: replacing existing signature
2018-03-28 18:14:04 +0000  /var/folders/45/fcfk8dtx7x7dftnzgcmz0ty00000gn/T/XcodeDistPipeline.tlq/Root/Payload/RtspClient.app/Frameworks/libswiftCoreGraphics.dylib: signed Mach-O universal (armv7 armv7s arm64) [com.apple.dt.runtime.swiftCoreGraphics]
2018-03-28 18:14:04 +0000  
2018-03-28 18:14:04 +0000  
2018-03-28 18:14:04 +0000  
2018-03-28 18:14:04 +0000  
2018-03-28 18:14:04 +0000  
2018-03-28 18:14:04 +0000  
2018-03-28 18:14:04 +0000  
2018-03-28 18:14:04 +0000  
2018-03-28 18:14:04 +0000  
2018-03-28 18:14:04 +0000  
2018-03-28 18:14:04 +0000  
2018-03-28 18:14:04 +0000  
2018-03-28 18:14:04 +0000  
2018-03-28 18:14:04 +0000  
2018-03-28 18:14:04 +0000  
2018-03-28 18:14:04 +0000  
2018-03-28 18:14:04 +0000  2018-03-28 18:14:04 +0000  /usr/bin/codesign exited with 02018-03-28 18:14:04 +0000  


2018-03-28 18:14:04 +0000  
2018-03-28 18:14:04 +0000  Applying entitlements delta for <IDEDistributionItem: 0x7fd45eb423f0 'com.apple.dt.runtime.swiftCoreImage' '<DVTFilePath:0x7fd462ac0ee0:'/Users/harish/Library/Developer/Xcode/Archives/2018-03-28/RtspClient 28-03-18, 23.33.xcarchive/Products/Applications/RtspClient.app/Frameworks/libswiftCoreImage.dylib'>'> from <IDEiCloudEntitlementsProcessor: 0x7fd461f06f00>: {
}
2018-03-28 18:14:04 +0000  Entitlements for <IDEDistributionItem: 0x7fd45eb423f0 'com.apple.dt.runtime.swiftCoreImage' '<DVTFilePath:0x7fd462ac0ee0:'/Users/harish/Library/Developer/Xcode/Archives/2018-03-28/RtspClient 28-03-18, 23.33.xcarchive/Products/Applications/RtspClient.app/Frameworks/libswiftCoreImage.dylib'>'>: {
}
2018-03-28 18:14:04 +0000  Writing entitlements for <IDEDistributionItem: 0x7fd45eb423f0 'com.apple.dt.runtime.swiftCoreImage' '<DVTFilePath:0x7fd462ac0ee0:'/Users/harish/Library/Developer/Xcode/Archives/2018-03-28/RtspClient 28-03-18, 23.33.xcarchive/Products/Applications/RtspClient.app/Frameworks/libswiftCoreImage.dylib'>'> to: /var/folders/45/fcfk8dtx7x7dftnzgcmz0ty00000gn/T/XcodeDistPipeline.tlq/entitlementsd69DTg
2018-03-28 18:14:04 +0000  Running /usr/bin/codesign '-vvv' '--force' '--sign' 'EDC4E8D4E76495FA95A1D8436239455CF8426669' '--preserve-metadata=identifier,flags' '--entitlements' '/var/folders/45/fcfk8dtx7x7dftnzgcmz0ty00000gn/T/XcodeDistPipeline.tlq/entitlementsd69DTg' '/var/folders/45/fcfk8dtx7x7dftnzgcmz0ty00000gn/T/XcodeDistPipeline.tlq/Root/Payload/RtspClient.app/Frameworks/libswiftCoreImage.dylib'
2018-03-28 18:14:04 +0000  /var/folders/45/fcfk8dtx7x7dftnzgcmz0ty00000gn/T/XcodeDistPipeline.tlq/Root/Payload/RtspClient.app/Frameworks/libswiftCoreImage.dylib: replacing existing signature
2018-03-28 18:14:04 +0000  /var/folders/45/fcfk8dtx7x7dftnzgcmz0ty00000gn/T/XcodeDistPipeline.tlq/Root/Payload/RtspClient.app/Frameworks/libswiftCoreImage.dylib: signed Mach-O universal (armv7 armv7s arm64) [com.apple.dt.runtime.swiftCoreImage]
2018-03-28 18:14:04 +0000  2018-03-28 18:14:04 +0000  

2018-03-28 18:14:04 +0000  
2018-03-28 18:14:04 +0000  
2018-03-28 18:14:04 +0000  
2018-03-28 18:14:04 +0000  
2018-03-28 18:14:04 +0000  
2018-03-28 18:14:04 +0000  
2018-03-28 18:14:04 +0000  
2018-03-28 18:14:04 +0000  
2018-03-28 18:14:04 +0000  
2018-03-28 18:14:04 +0000  
2018-03-28 18:14:04 +0000  
2018-03-28 18:14:04 +0000  2018-03-28 18:14:04 +0000  

2018-03-28 18:14:04 +0000  
2018-03-28 18:14:04 +0000  
2018-03-28 18:14:04 +0000  2018-03-28 18:14:04 +0000  /usr/bin/codesign exited with 0

2018-03-28 18:14:04 +0000  
2018-03-28 18:14:04 +0000  Applying entitlements delta for <IDEDistributionItem: 0x7fd461e5edf0 'com.apple.dt.runtime.swiftCoreMedia' '<DVTFilePath:0x7fd462d410d0:'/Users/harish/Library/Developer/Xcode/Archives/2018-03-28/RtspClient 28-03-18, 23.33.xcarchive/Products/Applications/RtspClient.app/Frameworks/libswiftCoreMedia.dylib'>'> from <IDEiCloudEntitlementsProcessor: 0x7fd460b20120>: {
}
2018-03-28 18:14:04 +0000  Entitlements for <IDEDistributionItem: 0x7fd461e5edf0 'com.apple.dt.runtime.swiftCoreMedia' '<DVTFilePath:0x7fd462d410d0:'/Users/harish/Library/Developer/Xcode/Archives/2018-03-28/RtspClient 28-03-18, 23.33.xcarchive/Products/Applications/RtspClient.app/Frameworks/libswiftCoreMedia.dylib'>'>: {
}
2018-03-28 18:14:04 +0000  Writing entitlements for <IDEDistributionItem: 0x7fd461e5edf0 'com.apple.dt.runtime.swiftCoreMedia' '<DVTFilePath:0x7fd462d410d0:'/Users/harish/Library/Developer/Xcode/Archives/2018-03-28/RtspClient 28-03-18, 23.33.xcarchive/Products/Applications/RtspClient.app/Frameworks/libswiftCoreMedia.dylib'>'> to: /var/folders/45/fcfk8dtx7x7dftnzgcmz0ty00000gn/T/XcodeDistPipeline.tlq/entitlementsvyE5kn
2018-03-28 18:14:04 +0000  Running /usr/bin/codesign '-vvv' '--force' '--sign' 'EDC4E8D4E76495FA95A1D8436239455CF8426669' '--preserve-metadata=identifier,flags' '--entitlements' '/var/folders/45/fcfk8dtx7x7dftnzgcmz0ty00000gn/T/XcodeDistPipeline.tlq/entitlementsvyE5kn' '/var/folders/45/fcfk8dtx7x7dftnzgcmz0ty00000gn/T/XcodeDistPipeline.tlq/Root/Payload/RtspClient.app/Frameworks/libswiftCoreMedia.dylib'
2018-03-28 18:14:04 +0000  /var/folders/45/fcfk8dtx7x7dftnzgcmz0ty00000gn/T/XcodeDistPipeline.tlq/Root/Payload/RtspClient.app/Frameworks/libswiftCoreMedia.dylib: replacing existing signature
2018-03-28 18:14:04 +0000  /var/folders/45/fcfk8dtx7x7dftnzgcmz0ty00000gn/T/XcodeDistPipeline.tlq/Root/Payload/RtspClient.app/Frameworks/libswiftCoreMedia.dylib: signed Mach-O universal (armv7 armv7s arm64) [com.apple.dt.runtime.swiftCoreMedia]
2018-03-28 18:14:04 +0000  
2018-03-28 18:14:04 +0000  
2018-03-28 18:14:04 +0000  
2018-03-28 18:14:04 +0000  
2018-03-28 18:14:04 +0000  
2018-03-28 18:14:04 +0000  
2018-03-28 18:14:04 +0000  
2018-03-28 18:14:04 +0000  
2018-03-28 18:14:04 +0000  
2018-03-28 18:14:04 +0000  
2018-03-28 18:14:04 +0000  
2018-03-28 18:14:04 +0000  
2018-03-28 18:14:04 +0000  
2018-03-28 18:14:04 +0000  
2018-03-28 18:14:04 +0000  
2018-03-28 18:14:04 +0000  2018-03-28 18:14:04 +0000  /usr/bin/codesign exited with 0

2018-03-28 18:14:04 +0000  
2018-03-28 18:14:04 +0000  
2018-03-28 18:14:04 +0000  Applying entitlements delta for <IDEDistributionItem: 0x7fd45930fdd0 'com.apple.dt.runtime.swiftDarwin' '<DVTFilePath:0x7fd462af7910:'/Users/harish/Library/Developer/Xcode/Archives/2018-03-28/RtspClient 28-03-18, 23.33.xcarchive/Products/Applications/RtspClient.app/Frameworks/libswiftDarwin.dylib'>'> from <IDEiCloudEntitlementsProcessor: 0x7fd45ec4ad60>: {
}
2018-03-28 18:14:04 +0000  Entitlements for <IDEDistributionItem: 0x7fd45930fdd0 'com.apple.dt.runtime.swiftDarwin' '<DVTFilePath:0x7fd462af7910:'/Users/harish/Library/Developer/Xcode/Archives/2018-03-28/RtspClient 28-03-18, 23.33.xcarchive/Products/Applications/RtspClient.app/Frameworks/libswiftDarwin.dylib'>'>: {
}
2018-03-28 18:14:04 +0000  Writing entitlements for <IDEDistributionItem: 0x7fd45930fdd0 'com.apple.dt.runtime.swiftDarwin' '<DVTFilePath:0x7fd462af7910:'/Users/harish/Library/Developer/Xcode/Archives/2018-03-28/RtspClient 28-03-18, 23.33.xcarchive/Products/Applications/RtspClient.app/Frameworks/libswiftDarwin.dylib'>'> to: /var/folders/45/fcfk8dtx7x7dftnzgcmz0ty00000gn/T/XcodeDistPipeline.tlq/entitlementsZUc5Iz
2018-03-28 18:14:04 +0000  Running /usr/bin/codesign '-vvv' '--force' '--sign' 'EDC4E8D4E76495FA95A1D8436239455CF8426669' '--preserve-metadata=identifier,flags' '--entitlements' '/var/folders/45/fcfk8dtx7x7dftnzgcmz0ty00000gn/T/XcodeDistPipeline.tlq/entitlementsZUc5Iz' '/var/folders/45/fcfk8dtx7x7dftnzgcmz0ty00000gn/T/XcodeDistPipeline.tlq/Root/Payload/RtspClient.app/Frameworks/libswiftDarwin.dylib'
2018-03-28 18:14:04 +0000  /var/folders/45/fcfk8dtx7x7dftnzgcmz0ty00000gn/T/XcodeDistPipeline.tlq/Root/Payload/RtspClient.app/Frameworks/libswiftDarwin.dylib: replacing existing signature
2018-03-28 18:14:04 +0000  /var/folders/45/fcfk8dtx7x7dftnzgcmz0ty00000gn/T/XcodeDistPipeline.tlq/Root/Payload/RtspClient.app/Frameworks/libswiftDarwin.dylib: signed Mach-O universal (armv7 armv7s arm64) [com.apple.dt.runtime.swiftDarwin]
2018-03-28 18:14:04 +0000  2018-03-28 18:14:04 +0000  

2018-03-28 18:14:04 +0000  
2018-03-28 18:14:04 +0000  
2018-03-28 18:14:04 +0000  
2018-03-28 18:14:04 +0000  
2018-03-28 18:14:04 +0000  
2018-03-28 18:14:04 +0000  
2018-03-28 18:14:04 +0000  
2018-03-28 18:14:04 +0000  
2018-03-28 18:14:04 +0000  
2018-03-28 18:14:04 +0000  
2018-03-28 18:14:04 +0000  
2018-03-28 18:14:04 +0000  
2018-03-28 18:14:04 +0000  
2018-03-28 18:14:04 +0000  
2018-03-28 18:14:04 +0000  
2018-03-28 18:14:04 +0000  
2018-03-28 18:14:04 +0000  
2018-03-28 18:14:04 +0000  /usr/bin/codesign exited with 02018-03-28 18:14:04 +0000  

2018-03-28 18:14:04 +0000  
2018-03-28 18:14:04 +0000  Applying entitlements delta for <IDEDistributionItem: 0x7fd460ca6350 'com.apple.dt.runtime.swiftDispatch' '<DVTFilePath:0x7fd461fa8610:'/Users/harish/Library/Developer/Xcode/Archives/2018-03-28/RtspClient 28-03-18, 23.33.xcarchive/Products/Applications/RtspClient.app/Frameworks/libswiftDispatch.dylib'>'> from <IDEiCloudEntitlementsProcessor: 0x7fd461d38a60>: {
}
2018-03-28 18:14:04 +0000  Entitlements for <IDEDistributionItem: 0x7fd460ca6350 'com.apple.dt.runtime.swiftDispatch' '<DVTFilePath:0x7fd461fa8610:'/Users/harish/Library/Developer/Xcode/Archives/2018-03-28/RtspClient 28-03-18, 23.33.xcarchive/Products/Applications/RtspClient.app/Frameworks/libswiftDispatch.dylib'>'>: {
}
2018-03-28 18:14:04 +0000  Writing entitlements for <IDEDistributionItem: 0x7fd460ca6350 'com.apple.dt.runtime.swiftDispatch' '<DVTFilePath:0x7fd461fa8610:'/Users/harish/Library/Developer/Xcode/Archives/2018-03-28/RtspClient 28-03-18, 23.33.xcarchive/Products/Applications/RtspClient.app/Frameworks/libswiftDispatch.dylib'>'> to: /var/folders/45/fcfk8dtx7x7dftnzgcmz0ty00000gn/T/XcodeDistPipeline.tlq/entitlements3hf5gC
2018-03-28 18:14:04 +0000  Running /usr/bin/codesign '-vvv' '--force' '--sign' 'EDC4E8D4E76495FA95A1D8436239455CF8426669' '--preserve-metadata=identifier,flags' '--entitlements' '/var/folders/45/fcfk8dtx7x7dftnzgcmz0ty00000gn/T/XcodeDistPipeline.tlq/entitlements3hf5gC' '/var/folders/45/fcfk8dtx7x7dftnzgcmz0ty00000gn/T/XcodeDistPipeline.tlq/Root/Payload/RtspClient.app/Frameworks/libswiftDispatch.dylib'
2018-03-28 18:14:05 +0000  /var/folders/45/fcfk8dtx7x7dftnzgcmz0ty00000gn/T/XcodeDistPipeline.tlq/Root/Payload/RtspClient.app/Frameworks/libswiftDispatch.dylib: replacing existing signature
2018-03-28 18:14:05 +0000  /var/folders/45/fcfk8dtx7x7dftnzgcmz0ty00000gn/T/XcodeDistPipeline.tlq/Root/Payload/RtspClient.app/Frameworks/libswiftDispatch.dylib: signed Mach-O universal (armv7 armv7s arm64) [com.apple.dt.runtime.swiftDispatch]
2018-03-28 18:14:05 +0000  
2018-03-28 18:14:05 +0000  
2018-03-28 18:14:05 +0000  
2018-03-28 18:14:05 +0000  2018-03-28 18:14:05 +0000  

2018-03-28 18:14:05 +0000  
2018-03-28 18:14:05 +0000  
2018-03-28 18:14:05 +0000  
2018-03-28 18:14:05 +0000  
2018-03-28 18:14:05 +0000  
2018-03-28 18:14:05 +0000  
2018-03-28 18:14:05 +0000  
2018-03-28 18:14:05 +0000  
2018-03-28 18:14:05 +0000  
2018-03-28 18:14:05 +0000  
2018-03-28 18:14:05 +0000  2018-03-28 18:14:05 +0000  /usr/bin/codesign exited with 0

2018-03-28 18:14:05 +0000  
2018-03-28 18:14:05 +0000  Applying entitlements delta for <IDEDistributionItem: 0x7fd46082aed0 'com.apple.dt.runtime.swiftFoundation' '<DVTFilePath:0x7fd461f2cec0:'/Users/harish/Library/Developer/Xcode/Archives/2018-03-28/RtspClient 28-03-18, 23.33.xcarchive/Products/Applications/RtspClient.app/Frameworks/libswiftFoundation.dylib'>'> from <IDEiCloudEntitlementsProcessor: 0x7fd462d78f40>: {
}
2018-03-28 18:14:05 +0000  Entitlements for <IDEDistributionItem: 0x7fd46082aed0 'com.apple.dt.runtime.swiftFoundation' '<DVTFilePath:0x7fd461f2cec0:'/Users/harish/Library/Developer/Xcode/Archives/2018-03-28/RtspClient 28-03-18, 23.33.xcarchive/Products/Applications/RtspClient.app/Frameworks/libswiftFoundation.dylib'>'>: {
}
2018-03-28 18:14:05 +0000  Writing entitlements for <IDEDistributionItem: 0x7fd46082aed0 'com.apple.dt.runtime.swiftFoundation' '<DVTFilePath:0x7fd461f2cec0:'/Users/harish/Library/Developer/Xcode/Archives/2018-03-28/RtspClient 28-03-18, 23.33.xcarchive/Products/Applications/RtspClient.app/Frameworks/libswiftFoundation.dylib'>'> to: /var/folders/45/fcfk8dtx7x7dftnzgcmz0ty00000gn/T/XcodeDistPipeline.tlq/entitlements77qeQq
2018-03-28 18:14:05 +0000  Running /usr/bin/codesign '-vvv' '--force' '--sign' 'EDC4E8D4E76495FA95A1D8436239455CF8426669' '--preserve-metadata=identifier,flags' '--entitlements' '/var/folders/45/fcfk8dtx7x7dftnzgcmz0ty00000gn/T/XcodeDistPipeline.tlq/entitlements77qeQq' '/var/folders/45/fcfk8dtx7x7dftnzgcmz0ty00000gn/T/XcodeDistPipeline.tlq/Root/Payload/RtspClient.app/Frameworks/libswiftFoundation.dylib'
2018-03-28 18:14:05 +0000  /var/folders/45/fcfk8dtx7x7dftnzgcmz0ty00000gn/T/XcodeDistPipeline.tlq/Root/Payload/RtspClient.app/Frameworks/libswiftFoundation.dylib: replacing existing signature
2018-03-28 18:14:05 +0000  /var/folders/45/fcfk8dtx7x7dftnzgcmz0ty00000gn/T/XcodeDistPipeline.tlq/Root/Payload/RtspClient.app/Frameworks/libswiftFoundation.dylib: signed Mach-O universal (armv7 armv7s arm64) [com.apple.dt.runtime.swiftFoundation]
2018-03-28 18:14:05 +0000  2018-03-28 18:14:05 +0000  

2018-03-28 18:14:05 +0000  
2018-03-28 18:14:05 +0000  
2018-03-28 18:14:05 +0000  
2018-03-28 18:14:05 +0000  
2018-03-28 18:14:05 +0000  
2018-03-28 18:14:05 +0000  
2018-03-28 18:14:05 +0000  
2018-03-28 18:14:05 +0000  
2018-03-28 18:14:05 +0000  
2018-03-28 18:14:05 +0000  
2018-03-28 18:14:05 +0000  
2018-03-28 18:14:05 +0000  
2018-03-28 18:14:05 +0000  
2018-03-28 18:14:05 +0000  
2018-03-28 18:14:05 +0000  
2018-03-28 18:14:05 +0000  
2018-03-28 18:14:05 +0000  
2018-03-28 18:14:05 +0000  /usr/bin/codesign exited with 0
2018-03-28 18:14:05 +0000  2018-03-28 18:14:05 +0000  

2018-03-28 18:14:05 +0000  Applying entitlements delta for <IDEDistributionItem: 0x7fd460a99890 'com.apple.dt.runtime.swiftMetal' '<DVTFilePath:0x7fd461f856c0:'/Users/harish/Library/Developer/Xcode/Archives/2018-03-28/RtspClient 28-03-18, 23.33.xcarchive/Products/Applications/RtspClient.app/Frameworks/libswiftMetal.dylib'>'> from <IDEiCloudEntitlementsProcessor: 0x7fd461d5d8f0>: {
}
2018-03-28 18:14:05 +0000  Entitlements for <IDEDistributionItem: 0x7fd460a99890 'com.apple.dt.runtime.swiftMetal' '<DVTFilePath:0x7fd461f856c0:'/Users/harish/Library/Developer/Xcode/Archives/2018-03-28/RtspClient 28-03-18, 23.33.xcarchive/Products/Applications/RtspClient.app/Frameworks/libswiftMetal.dylib'>'>: {
}
2018-03-28 18:14:05 +0000  Writing entitlements for <IDEDistributionItem: 0x7fd460a99890 'com.apple.dt.runtime.swiftMetal' '<DVTFilePath:0x7fd461f856c0:'/Users/harish/Library/Developer/Xcode/Archives/2018-03-28/RtspClient 28-03-18, 23.33.xcarchive/Products/Applications/RtspClient.app/Frameworks/libswiftMetal.dylib'>'> to: /var/folders/45/fcfk8dtx7x7dftnzgcmz0ty00000gn/T/XcodeDistPipeline.tlq/entitlementsmfsziI
2018-03-28 18:14:05 +0000  Running /usr/bin/codesign '-vvv' '--force' '--sign' 'EDC4E8D4E76495FA95A1D8436239455CF8426669' '--preserve-metadata=identifier,flags' '--entitlements' '/var/folders/45/fcfk8dtx7x7dftnzgcmz0ty00000gn/T/XcodeDistPipeline.tlq/entitlementsmfsziI' '/var/folders/45/fcfk8dtx7x7dftnzgcmz0ty00000gn/T/XcodeDistPipeline.tlq/Root/Payload/RtspClient.app/Frameworks/libswiftMetal.dylib'
2018-03-28 18:14:05 +0000  /var/folders/45/fcfk8dtx7x7dftnzgcmz0ty00000gn/T/XcodeDistPipeline.tlq/Root/Payload/RtspClient.app/Frameworks/libswiftMetal.dylib: replacing existing signature
2018-03-28 18:14:05 +0000  /var/folders/45/fcfk8dtx7x7dftnzgcmz0ty00000gn/T/XcodeDistPipeline.tlq/Root/Payload/RtspClient.app/Frameworks/libswiftMetal.dylib: signed Mach-O universal (armv7 armv7s arm64) [com.apple.dt.runtime.swiftMetal]
2018-03-28 18:14:05 +0000  
2018-03-28 18:14:05 +0000  
2018-03-28 18:14:05 +0000  
2018-03-28 18:14:05 +0000  
2018-03-28 18:14:05 +0000  2018-03-28 18:14:05 +0000  

2018-03-28 18:14:05 +0000  
2018-03-28 18:14:05 +0000  
2018-03-28 18:14:05 +0000  
2018-03-28 18:14:05 +0000  
2018-03-28 18:14:05 +0000  
2018-03-28 18:14:05 +0000  
2018-03-28 18:14:05 +0000  
2018-03-28 18:14:05 +0000  
2018-03-28 18:14:05 +0000  
2018-03-28 18:14:05 +0000  
2018-03-28 18:14:05 +0000  
2018-03-28 18:14:05 +0000  2018-03-28 18:14:05 +0000  /usr/bin/codesign exited with 0

2018-03-28 18:14:05 +0000  Applying entitlements delta for <IDEDistributionItem: 0x7fd46133af70 'com.apple.dt.runtime.swiftObjectiveC' '<DVTFilePath:0x7fd461fb6ac0:'/Users/harish/Library/Developer/Xcode/Archives/2018-03-28/RtspClient 28-03-18, 23.33.xcarchive/Products/Applications/RtspClient.app/Frameworks/libswiftObjectiveC.dylib'>'> from <IDEiCloudEntitlementsProcessor: 0x7fd460f5b2f0>: {
}
2018-03-28 18:14:05 +0000  Entitlements for <IDEDistributionItem: 0x7fd46133af70 'com.apple.dt.runtime.swiftObjectiveC' '<DVTFilePath:0x7fd461fb6ac0:'/Users/harish/Library/Developer/Xcode/Archives/2018-03-28/RtspClient 28-03-18, 23.33.xcarchive/Products/Applications/RtspClient.app/Frameworks/libswiftObjectiveC.dylib'>'>: {
}
2018-03-28 18:14:05 +0000  Writing entitlements for <IDEDistributionItem: 0x7fd46133af70 'com.apple.dt.runtime.swiftObjectiveC' '<DVTFilePath:0x7fd461fb6ac0:'/Users/harish/Library/Developer/Xcode/Archives/2018-03-28/RtspClient 28-03-18, 23.33.xcarchive/Products/Applications/RtspClient.app/Frameworks/libswiftObjectiveC.dylib'>'> to: /var/folders/45/fcfk8dtx7x7dftnzgcmz0ty00000gn/T/XcodeDistPipeline.tlq/entitlements1TPG5p
2018-03-28 18:14:05 +0000  Running /usr/bin/codesign '-vvv' '--force' '--sign' 'EDC4E8D4E76495FA95A1D8436239455CF8426669' '--preserve-metadata=identifier,flags' '--entitlements' '/var/folders/45/fcfk8dtx7x7dftnzgcmz0ty00000gn/T/XcodeDistPipeline.tlq/entitlements1TPG5p' '/var/folders/45/fcfk8dtx7x7dftnzgcmz0ty00000gn/T/XcodeDistPipeline.tlq/Root/Payload/RtspClient.app/Frameworks/libswiftObjectiveC.dylib'
2018-03-28 18:14:05 +0000  /var/folders/45/fcfk8dtx7x7dftnzgcmz0ty00000gn/T/XcodeDistPipeline.tlq/Root/Payload/RtspClient.app/Frameworks/libswiftObjectiveC.dylib: replacing existing signature
2018-03-28 18:14:05 +0000  /var/folders/45/fcfk8dtx7x7dftnzgcmz0ty00000gn/T/XcodeDistPipeline.tlq/Root/Payload/RtspClient.app/Frameworks/libswiftObjectiveC.dylib: signed Mach-O universal (armv7 armv7s arm64) [com.apple.dt.runtime.swiftObjectiveC]
2018-03-28 18:14:05 +0000  2018-03-28 18:14:05 +0000  

2018-03-28 18:14:05 +0000  
2018-03-28 18:14:05 +0000  
2018-03-28 18:14:05 +0000  
2018-03-28 18:14:05 +0000  
2018-03-28 18:14:05 +0000  
2018-03-28 18:14:05 +0000  
2018-03-28 18:14:05 +0000  
2018-03-28 18:14:05 +0000  
2018-03-28 18:14:05 +0000  
2018-03-28 18:14:05 +0000  
2018-03-28 18:14:05 +0000  
2018-03-28 18:14:05 +0000  
2018-03-28 18:14:05 +0000  
2018-03-28 18:14:05 +0000  
2018-03-28 18:14:05 +0000  
2018-03-28 18:14:05 +0000  
2018-03-28 18:14:05 +0000  /usr/bin/codesign exited with 0
2018-03-28 18:14:05 +0000  
2018-03-28 18:14:05 +0000  
2018-03-28 18:14:05 +0000  Applying entitlements delta for <IDEDistributionItem: 0x7fd462cf8610 'com.apple.dt.runtime.swiftQuartzCore' '<DVTFilePath:0x7fd462d8a8c0:'/Users/harish/Library/Developer/Xcode/Archives/2018-03-28/RtspClient 28-03-18, 23.33.xcarchive/Products/Applications/RtspClient.app/Frameworks/libswiftQuartzCore.dylib'>'> from <IDEiCloudEntitlementsProcessor: 0x7fd461fb5070>: {
}
2018-03-28 18:14:05 +0000  Entitlements for <IDEDistributionItem: 0x7fd462cf8610 'com.apple.dt.runtime.swiftQuartzCore' '<DVTFilePath:0x7fd462d8a8c0:'/Users/harish/Library/Developer/Xcode/Archives/2018-03-28/RtspClient 28-03-18, 23.33.xcarchive/Products/Applications/RtspClient.app/Frameworks/libswiftQuartzCore.dylib'>'>: {
}
2018-03-28 18:14:05 +0000  Writing entitlements for <IDEDistributionItem: 0x7fd462cf8610 'com.apple.dt.runtime.swiftQuartzCore' '<DVTFilePath:0x7fd462d8a8c0:'/Users/harish/Library/Developer/Xcode/Archives/2018-03-28/RtspClient 28-03-18, 23.33.xcarchive/Products/Applications/RtspClient.app/Frameworks/libswiftQuartzCore.dylib'>'> to: /var/folders/45/fcfk8dtx7x7dftnzgcmz0ty00000gn/T/XcodeDistPipeline.tlq/entitlementsVZ0WiY
2018-03-28 18:14:05 +0000  Running /usr/bin/codesign '-vvv' '--force' '--sign' 'EDC4E8D4E76495FA95A1D8436239455CF8426669' '--preserve-metadata=identifier,flags' '--entitlements' '/var/folders/45/fcfk8dtx7x7dftnzgcmz0ty00000gn/T/XcodeDistPipeline.tlq/entitlementsVZ0WiY' '/var/folders/45/fcfk8dtx7x7dftnzgcmz0ty00000gn/T/XcodeDistPipeline.tlq/Root/Payload/RtspClient.app/Frameworks/libswiftQuartzCore.dylib'
2018-03-28 18:14:05 +0000  /var/folders/45/fcfk8dtx7x7dftnzgcmz0ty00000gn/T/XcodeDistPipeline.tlq/Root/Payload/RtspClient.app/Frameworks/libswiftQuartzCore.dylib: replacing existing signature
2018-03-28 18:14:05 +0000  /var/folders/45/fcfk8dtx7x7dftnzgcmz0ty00000gn/T/XcodeDistPipeline.tlq/Root/Payload/RtspClient.app/Frameworks/libswiftQuartzCore.dylib: signed Mach-O universal (armv7 armv7s arm64) [com.apple.dt.runtime.swiftQuartzCore]
2018-03-28 18:14:05 +0000  
2018-03-28 18:14:05 +0000  2018-03-28 18:14:05 +0000  

2018-03-28 18:14:05 +0000  
2018-03-28 18:14:05 +0000  
2018-03-28 18:14:05 +0000  
2018-03-28 18:14:05 +0000  
2018-03-28 18:14:05 +0000  
2018-03-28 18:14:05 +0000  
2018-03-28 18:14:05 +0000  
2018-03-28 18:14:05 +0000  
2018-03-28 18:14:05 +0000  
2018-03-28 18:14:05 +0000  
2018-03-28 18:14:05 +0000  
2018-03-28 18:14:05 +0000  
2018-03-28 18:14:05 +0000  
2018-03-28 18:14:05 +0000  
2018-03-28 18:14:05 +0000  
2018-03-28 18:14:05 +0000  /usr/bin/codesign exited with 0
2018-03-28 18:14:05 +0000  2018-03-28 18:14:05 +0000  

2018-03-28 18:14:05 +0000  Applying entitlements delta for <IDEDistributionItem: 0x7fd461f89fe0 'com.apple.dt.runtime.swiftUIKit' '<DVTFilePath:0x7fd461fa8fe0:'/Users/harish/Library/Developer/Xcode/Archives/2018-03-28/RtspClient 28-03-18, 23.33.xcarchive/Products/Applications/RtspClient.app/Frameworks/libswiftUIKit.dylib'>'> from <IDEiCloudEntitlementsProcessor: 0x7fd461de99e0>: {
}
2018-03-28 18:14:05 +0000  Entitlements for <IDEDistributionItem: 0x7fd461f89fe0 'com.apple.dt.runtime.swiftUIKit' '<DVTFilePath:0x7fd461fa8fe0:'/Users/harish/Library/Developer/Xcode/Archives/2018-03-28/RtspClient 28-03-18, 23.33.xcarchive/Products/Applications/RtspClient.app/Frameworks/libswiftUIKit.dylib'>'>: {
}
2018-03-28 18:14:05 +0000  Writing entitlements for <IDEDistributionItem: 0x7fd461f89fe0 'com.apple.dt.runtime.swiftUIKit' '<DVTFilePath:0x7fd461fa8fe0:'/Users/harish/Library/Developer/Xcode/Archives/2018-03-28/RtspClient 28-03-18, 23.33.xcarchive/Products/Applications/RtspClient.app/Frameworks/libswiftUIKit.dylib'>'> to: /var/folders/45/fcfk8dtx7x7dftnzgcmz0ty00000gn/T/XcodeDistPipeline.tlq/entitlementsZg8ndq
2018-03-28 18:14:05 +0000  Running /usr/bin/codesign '-vvv' '--force' '--sign' 'EDC4E8D4E76495FA95A1D8436239455CF8426669' '--preserve-metadata=identifier,flags' '--entitlements' '/var/folders/45/fcfk8dtx7x7dftnzgcmz0ty00000gn/T/XcodeDistPipeline.tlq/entitlementsZg8ndq' '/var/folders/45/fcfk8dtx7x7dftnzgcmz0ty00000gn/T/XcodeDistPipeline.tlq/Root/Payload/RtspClient.app/Frameworks/libswiftUIKit.dylib'
2018-03-28 18:14:05 +0000  /var/folders/45/fcfk8dtx7x7dftnzgcmz0ty00000gn/T/XcodeDistPipeline.tlq/Root/Payload/RtspClient.app/Frameworks/libswiftUIKit.dylib: replacing existing signature
2018-03-28 18:14:05 +0000  /var/folders/45/fcfk8dtx7x7dftnzgcmz0ty00000gn/T/XcodeDistPipeline.tlq/Root/Payload/RtspClient.app/Frameworks/libswiftUIKit.dylib: signed Mach-O universal (armv7 armv7s arm64) [com.apple.dt.runtime.swiftUIKit]
2018-03-28 18:14:05 +0000  2018-03-28 18:14:05 +0000  

2018-03-28 18:14:05 +0000  
2018-03-28 18:14:05 +0000  
2018-03-28 18:14:05 +0000  
2018-03-28 18:14:05 +0000  
2018-03-28 18:14:05 +0000  
2018-03-28 18:14:05 +0000  
2018-03-28 18:14:05 +0000  
2018-03-28 18:14:05 +0000  
2018-03-28 18:14:05 +0000  
2018-03-28 18:14:05 +0000  
2018-03-28 18:14:05 +0000  
2018-03-28 18:14:05 +0000  
2018-03-28 18:14:05 +0000  
2018-03-28 18:14:05 +0000  
2018-03-28 18:14:05 +0000  
2018-03-28 18:14:05 +0000  /usr/bin/codesign exited with 0
2018-03-28 18:14:05 +0000  
2018-03-28 18:14:05 +0000  
2018-03-28 18:14:05 +0000  Applying entitlements delta for <IDEDistributionItem: 0x7fd4613b2f30 'com.apple.dt.runtime.swiftos' '<DVTFilePath:0x7fd4619e96f0:'/Users/harish/Library/Developer/Xcode/Archives/2018-03-28/RtspClient 28-03-18, 23.33.xcarchive/Products/Applications/RtspClient.app/Frameworks/libswiftos.dylib'>'> from <IDEiCloudEntitlementsProcessor: 0x7fd4755d5460>: {
}
2018-03-28 18:14:05 +0000  Entitlements for <IDEDistributionItem: 0x7fd4613b2f30 'com.apple.dt.runtime.swiftos' '<DVTFilePath:0x7fd4619e96f0:'/Users/harish/Library/Developer/Xcode/Archives/2018-03-28/RtspClient 28-03-18, 23.33.xcarchive/Products/Applications/RtspClient.app/Frameworks/libswiftos.dylib'>'>: {
}
2018-03-28 18:14:05 +0000  Writing entitlements for <IDEDistributionItem: 0x7fd4613b2f30 'com.apple.dt.runtime.swiftos' '<DVTFilePath:0x7fd4619e96f0:'/Users/harish/Library/Developer/Xcode/Archives/2018-03-28/RtspClient 28-03-18, 23.33.xcarchive/Products/Applications/RtspClient.app/Frameworks/libswiftos.dylib'>'> to: /var/folders/45/fcfk8dtx7x7dftnzgcmz0ty00000gn/T/XcodeDistPipeline.tlq/entitlementsURhudn
2018-03-28 18:14:05 +0000  Running /usr/bin/codesign '-vvv' '--force' '--sign' 'EDC4E8D4E76495FA95A1D8436239455CF8426669' '--preserve-metadata=identifier,flags' '--entitlements' '/var/folders/45/fcfk8dtx7x7dftnzgcmz0ty00000gn/T/XcodeDistPipeline.tlq/entitlementsURhudn' '/var/folders/45/fcfk8dtx7x7dftnzgcmz0ty00000gn/T/XcodeDistPipeline.tlq/Root/Payload/RtspClient.app/Frameworks/libswiftos.dylib'
2018-03-28 18:14:05 +0000  /var/folders/45/fcfk8dtx7x7dftnzgcmz0ty00000gn/T/XcodeDistPipeline.tlq/Root/Payload/RtspClient.app/Frameworks/libswiftos.dylib: replacing existing signature
2018-03-28 18:14:06 +0000  /var/folders/45/fcfk8dtx7x7dftnzgcmz0ty00000gn/T/XcodeDistPipeline.tlq/Root/Payload/RtspClient.app/Frameworks/libswiftos.dylib: signed Mach-O universal (armv7 armv7s arm64) [com.apple.dt.runtime.swiftos]
2018-03-28 18:14:06 +0000  
2018-03-28 18:14:06 +0000  
2018-03-28 18:14:06 +0000  
2018-03-28 18:14:06 +0000  
2018-03-28 18:14:06 +0000  
2018-03-28 18:14:06 +0000  
2018-03-28 18:14:06 +0000  
2018-03-28 18:14:06 +0000  
2018-03-28 18:14:06 +0000  
2018-03-28 18:14:06 +0000  
2018-03-28 18:14:06 +0000  
2018-03-28 18:14:06 +0000  
2018-03-28 18:14:06 +0000  
2018-03-28 18:14:06 +0000  
2018-03-28 18:14:06 +0000  
2018-03-28 18:14:06 +0000  
2018-03-28 18:14:06 +0000  2018-03-28 18:14:06 +0000  /usr/bin/codesign exited with 02018-03-28 18:14:06 +0000  


2018-03-28 18:14:06 +0000  
2018-03-28 18:14:06 +0000  Applying entitlements delta for <IDEDistributionItem: 0x7fd461ed15e0 'com.apple.dt.runtime.swiftsimd' '<DVTFilePath:0x7fd461f75810:'/Users/harish/Library/Developer/Xcode/Archives/2018-03-28/RtspClient 28-03-18, 23.33.xcarchive/Products/Applications/RtspClient.app/Frameworks/libswiftsimd.dylib'>'> from <IDEiCloudEntitlementsProcessor: 0x7fd45ed7af70>: {
}
2018-03-28 18:14:06 +0000  Entitlements for <IDEDistributionItem: 0x7fd461ed15e0 'com.apple.dt.runtime.swiftsimd' '<DVTFilePath:0x7fd461f75810:'/Users/harish/Library/Developer/Xcode/Archives/2018-03-28/RtspClient 28-03-18, 23.33.xcarchive/Products/Applications/RtspClient.app/Frameworks/libswiftsimd.dylib'>'>: {
}
2018-03-28 18:14:06 +0000  Writing entitlements for <IDEDistributionItem: 0x7fd461ed15e0 'com.apple.dt.runtime.swiftsimd' '<DVTFilePath:0x7fd461f75810:'/Users/harish/Library/Developer/Xcode/Archives/2018-03-28/RtspClient 28-03-18, 23.33.xcarchive/Products/Applications/RtspClient.app/Frameworks/libswiftsimd.dylib'>'> to: /var/folders/45/fcfk8dtx7x7dftnzgcmz0ty00000gn/T/XcodeDistPipeline.tlq/entitlementsXVSkv4
2018-03-28 18:14:06 +0000  Running /usr/bin/codesign '-vvv' '--force' '--sign' 'EDC4E8D4E76495FA95A1D8436239455CF8426669' '--preserve-metadata=identifier,flags' '--entitlements' '/var/folders/45/fcfk8dtx7x7dftnzgcmz0ty00000gn/T/XcodeDistPipeline.tlq/entitlementsXVSkv4' '/var/folders/45/fcfk8dtx7x7dftnzgcmz0ty00000gn/T/XcodeDistPipeline.tlq/Root/Payload/RtspClient.app/Frameworks/libswiftsimd.dylib'
2018-03-28 18:14:06 +0000  /var/folders/45/fcfk8dtx7x7dftnzgcmz0ty00000gn/T/XcodeDistPipeline.tlq/Root/Payload/RtspClient.app/Frameworks/libswiftsimd.dylib: replacing existing signature
2018-03-28 18:14:06 +0000  /var/folders/45/fcfk8dtx7x7dftnzgcmz0ty00000gn/T/XcodeDistPipeline.tlq/Root/Payload/RtspClient.app/Frameworks/libswiftsimd.dylib: signed Mach-O universal (armv7 armv7s arm64) [com.apple.dt.runtime.swiftsimd]
2018-03-28 18:14:06 +0000  
2018-03-28 18:14:06 +0000  
2018-03-28 18:14:06 +0000  
2018-03-28 18:14:06 +0000  2018-03-28 18:14:06 +0000  

2018-03-28 18:14:06 +0000  
2018-03-28 18:14:06 +0000  
2018-03-28 18:14:06 +0000  
2018-03-28 18:14:06 +0000  
2018-03-28 18:14:06 +0000  
2018-03-28 18:14:06 +0000  
2018-03-28 18:14:06 +0000  
2018-03-28 18:14:06 +0000  
2018-03-28 18:14:06 +0000  
2018-03-28 18:14:06 +0000  
2018-03-28 18:14:06 +0000  
2018-03-28 18:14:06 +0000  
2018-03-28 18:14:06 +0000  
2018-03-28 18:14:06 +0000  /usr/bin/codesign exited with 0
2018-03-28 18:14:06 +0000  2018-03-28 18:14:06 +0000  

2018-03-28 18:14:06 +0000  Applying entitlements delta for <IDEDistributionItem: 0x7fd462d96990 'org.harischandra.sample.RtspClient' '<DVTFilePath:0x7fd45dd43990:'/Users/harish/Library/Developer/Xcode/Archives/2018-03-28/RtspClient 28-03-18, 23.33.xcarchive/Products/Applications/RtspClient.app'>'> from <IDEiCloudEntitlementsProcessor: 0x7fd45ed00a10>: {
}
2018-03-28 18:14:06 +0000  Entitlements for <IDEDistributionItem: 0x7fd462d96990 'org.harischandra.sample.RtspClient' '<DVTFilePath:0x7fd45dd43990:'/Users/harish/Library/Developer/Xcode/Archives/2018-03-28/RtspClient 28-03-18, 23.33.xcarchive/Products/Applications/RtspClient.app'>'>: {
    "application-identifier" = "N47KSZ55L9.org.harischandra.sample.RtspClient";
    "com.apple.developer.team-identifier" = N47KSZ55L9;
    "get-task-allow" = 1;
    "keychain-access-groups" =     (
        "N47KSZ55L9.org.harischandra.sample.RtspClient"
    );
}
2018-03-28 18:14:06 +0000  Writing entitlements for <IDEDistributionItem: 0x7fd462d96990 'org.harischandra.sample.RtspClient' '<DVTFilePath:0x7fd45dd43990:'/Users/harish/Library/Developer/Xcode/Archives/2018-03-28/RtspClient 28-03-18, 23.33.xcarchive/Products/Applications/RtspClient.app'>'> to: /var/folders/45/fcfk8dtx7x7dftnzgcmz0ty00000gn/T/XcodeDistPipeline.tlq/entitlementso3gDQf
2018-03-28 18:14:06 +0000  Running /usr/bin/codesign '-vvv' '--force' '--sign' 'EDC4E8D4E76495FA95A1D8436239455CF8426669' '--preserve-metadata=identifier,flags' '--entitlements' '/var/folders/45/fcfk8dtx7x7dftnzgcmz0ty00000gn/T/XcodeDistPipeline.tlq/entitlementso3gDQf' '/var/folders/45/fcfk8dtx7x7dftnzgcmz0ty00000gn/T/XcodeDistPipeline.tlq/Root/Payload/RtspClient.app'
2018-03-28 18:14:06 +0000  /var/folders/45/fcfk8dtx7x7dftnzgcmz0ty00000gn/T/XcodeDistPipeline.tlq/Root/Payload/RtspClient.app: replacing existing signature
2018-03-28 18:14:06 +0000  /var/folders/45/fcfk8dtx7x7dftnzgcmz0ty00000gn/T/XcodeDistPipeline.tlq/Root/Payload/RtspClient.app: signed app bundle with Mach-O universal (armv7 arm64) [org.harischandra.sample.RtspClient]
2018-03-28 18:14:06 +0000  2018-03-28 18:14:06 +0000  

2018-03-28 18:14:06 +0000  
2018-03-28 18:14:06 +0000  
2018-03-28 18:14:06 +0000  
2018-03-28 18:14:06 +0000  
2018-03-28 18:14:06 +0000  2018-03-28 18:14:06 +0000  

2018-03-28 18:14:06 +0000  
2018-03-28 18:14:06 +0000  
2018-03-28 18:14:06 +0000  
2018-03-28 18:14:06 +0000  
2018-03-28 18:14:06 +0000  
2018-03-28 18:14:06 +0000  
2018-03-28 18:14:06 +0000  
2018-03-28 18:14:06 +0000  
2018-03-28 18:14:06 +0000  /usr/bin/codesign exited with 02018-03-28 18:14:06 +0000  
2018-03-28 18:14:06 +0000  

2018-03-28 18:14:06 +0000  Processing step: IDEDistributionStreamingZipItemStep
2018-03-28 18:14:06 +0000  Skipping step: IDEDistributionStreamingZipItemStep because it said so
2018-03-28 18:14:06 +0000  Skipping step: IDEDistributionStreamingZipItemStep because it said so
2018-03-28 18:14:06 +0000  Skipping step: IDEDistributionStreamingZipItemStep because it said so
2018-03-28 18:14:06 +0000  Skipping step: IDEDistributionStreamingZipItemStep because it said so
2018-03-28 18:14:06 +0000  Skipping step: IDEDistributionStreamingZipItemStep because it said so
2018-03-28 18:14:06 +0000  Skipping step: IDEDistributionStreamingZipItemStep because it said so
2018-03-28 18:14:06 +0000  Skipping step: IDEDistributionStreamingZipItemStep because it said so
2018-03-28 18:14:06 +0000  Skipping step: IDEDistributionStreamingZipItemStep because it said so
2018-03-28 18:14:06 +0000  Skipping step: IDEDistributionStreamingZipItemStep because it said so
2018-03-28 18:14:06 +0000  Skipping step: IDEDistributionStreamingZipItemStep because it said so
2018-03-28 18:14:06 +0000  Skipping step: IDEDistributionStreamingZipItemStep because it said so
2018-03-28 18:14:06 +0000  Skipping step: IDEDistributionStreamingZipItemStep because it said so
2018-03-28 18:14:06 +0000  Skipping step: IDEDistributionStreamingZipItemStep because it said so
2018-03-28 18:14:06 +0000  Skipping step: IDEDistributionStreamingZipItemStep because it said so
2018-03-28 18:14:06 +0000  Skipping step: IDEDistributionStreamingZipItemStep because it said so
2018-03-28 18:14:06 +0000  Skipping step: IDEDistributionStreamingZipItemStep because it said so
2018-03-28 18:14:06 +0000  Skipping step: IDEDistributionStreamingZipItemStep because it said so
2018-03-28 18:14:06 +0000  Processing step: IDEDistributionCreateIPAStep
2018-03-28 18:14:06 +0000  Running /usr/bin/ditto '-V' '-c' '-k' '--norsrc' '/var/folders/45/fcfk8dtx7x7dftnzgcmz0ty00000gn/T/XcodeDistPipeline.tlq/Root' '/var/folders/45/fcfk8dtx7x7dftnzgcmz0ty00000gn/T/XcodeDistPipeline.tlq/Packages/RtspClient.ipa'
2018-03-28 18:14:06 +0000  >>> Copying /var/folders/45/fcfk8dtx7x7dftnzgcmz0ty00000gn/T/XcodeDistPipeline.tlq/Root 
2018-03-28 18:14:06 +0000  copying file ./Payload/RtspClient.app/_CodeSignature/CodeResources ... 
2018-03-28 18:14:06 +0000  25193 bytes for ./Payload/RtspClient.app/_CodeSignature/CodeResources
2018-03-28 18:14:06 +0000  copying file ./Payload/RtspClient.app/AppIcon20x20@2x.png ... 
2018-03-28 18:14:06 +0000  3803 bytes for ./Payload/RtspClient.app/AppIcon20x20@2x.png
copying file ./Payload/RtspClient.app/AppIcon57x57.png ... 
2018-03-28 18:14:06 +0000  3884 bytes for ./Payload/RtspClient.app/AppIcon57x57.png
copying file ./Payload/RtspClient.app/AppIcon20x20@3x.png ... 
2018-03-28 18:14:06 +0000  3941 bytes for ./Payload/RtspClient.app/AppIcon20x20@3x.png
copying file ./Payload/RtspClient.app/AppIcon29x29.png ... 
2018-03-28 18:14:06 +0000  3716 bytes for ./Payload/RtspClient.app/AppIcon29x29.png
copying file ./Payload/RtspClient.app/RtspClient ... 
2018-03-28 18:14:07 +0000  23252016 bytes for ./Payload/RtspClient.app/RtspClient
copying file ./Payload/RtspClient.app/AppIcon60x60@2x.png ... 
2018-03-28 18:14:07 +0000  4551 bytes for ./Payload/RtspClient.app/AppIcon60x60@2x.png
copying file ./Payload/RtspClient.app/AppIcon72x72@2x~ipad.png ... 
4806 bytes for ./Payload/RtspClient.app/AppIcon72x72@2x~ipad.png
copying file ./Payload/RtspClient.app/AppIcon29x29@2x.png ... 
3905 bytes for ./Payload/RtspClient.app/AppIcon29x29@2x.png
copying file ./Payload/RtspClient.app/AppIcon40x40@3x.png ... 
4551 bytes for ./Payload/RtspClient.app/AppIcon40x40@3x.png
copying file ./Payload/RtspClient.app/AppIcon57x57@2x.png ... 
4497 bytes for ./Payload/RtspClient.app/AppIcon57x57@2x.png
copying file ./Payload/RtspClient.app/AppIcon29x29~ipad.png ... 
3716 bytes for ./Payload/RtspClient.app/AppIcon29x29~ipad.png
copying file ./Payload/RtspClient.app/AppIcon40x40@2x.png ... 
4216 bytes for ./Payload/RtspClient.app/AppIcon40x40@2x.png
copying file ./Payload/RtspClient.app/AppIcon29x29@3x.png ... 
4276 bytes for ./Payload/RtspClient.app/AppIcon29x29@3x.png
copying file ./Payload/RtspClient.app/AppIcon60x60@3x.png ... 
5169 bytes for ./Payload/RtspClient.app/AppIcon60x60@3x.png
2018-03-28 18:14:07 +0000  copying file ./Payload/RtspClient.app/Base.lproj/Main.storyboardc/SnapshotPreviewViewController.nib/objects-11.0+.nib ... 
2018-03-28 18:14:07 +0000  1309 bytes for ./Payload/RtspClient.app/Base.lproj/Main.storyboardc/SnapshotPreviewViewController.nib/objects-11.0+.nib
copying file ./Payload/RtspClient.app/Base.lproj/Main.storyboardc/SnapshotPreviewViewController.nib/runtime.nib ... 
2018-03-28 18:14:07 +0000  1309 bytes for ./Payload/RtspClient.app/Base.lproj/Main.storyboardc/SnapshotPreviewViewController.nib/runtime.nib
copying file ./Payload/RtspClient.app/Base.lproj/Main.storyboardc/IGG-JU-OR7-view-14r-mE-kll.nib/objects-11.0+.nib ... 
2018-03-28 18:14:07 +0000  4656 bytes for ./Payload/RtspClient.app/Base.lproj/Main.storyboardc/IGG-JU-OR7-view-14r-mE-kll.nib/objects-11.0+.nib
copying file ./Payload/RtspClient.app/Base.lproj/Main.storyboardc/IGG-JU-OR7-view-14r-mE-kll.nib/runtime.nib ... 
2018-03-28 18:14:07 +0000  4786 bytes for ./Payload/RtspClient.app/Base.lproj/Main.storyboardc/IGG-JU-OR7-view-14r-mE-kll.nib/runtime.nib
2018-03-28 18:14:07 +0000  copying file ./Payload/RtspClient.app/Base.lproj/Main.storyboardc/UITableViewController-IGG-JU-OR7.nib/objects-11.0+.nib ... 
2018-03-28 18:14:07 +0000  1185 bytes for ./Payload/RtspClient.app/Base.lproj/Main.storyboardc/UITableViewController-IGG-JU-OR7.nib/objects-11.0+.nib
copying file ./Payload/RtspClient.app/Base.lproj/Main.storyboardc/UITableViewController-IGG-JU-OR7.nib/runtime.nib ... 
2018-03-28 18:14:07 +0000  1185 bytes for ./Payload/RtspClient.app/Base.lproj/Main.storyboardc/UITableViewController-IGG-JU-OR7.nib/runtime.nib
2018-03-28 18:14:07 +0000  copying file ./Payload/RtspClient.app/Base.lproj/Main.storyboardc/UIViewController-hN9-fo-Gub.nib/objects-11.0+.nib ... 
1140 bytes for ./Payload/RtspClient.app/Base.lproj/Main.storyboardc/UIViewController-hN9-fo-Gub.nib/objects-11.0+.nib
2018-03-28 18:14:07 +0000  copying file ./Payload/RtspClient.app/Base.lproj/Main.storyboardc/UIViewController-hN9-fo-Gub.nib/runtime.nib ... 
1140 bytes for ./Payload/RtspClient.app/Base.lproj/Main.storyboardc/UIViewController-hN9-fo-Gub.nib/runtime.nib
2018-03-28 18:14:07 +0000  copying file ./Payload/RtspClient.app/Base.lproj/Main.storyboardc/UINavigationController-KNW-4C-XfR.nib/objects-11.0+.nib ... 
2018-03-28 18:14:07 +0000  2623 bytes for ./Payload/RtspClient.app/Base.lproj/Main.storyboardc/UINavigationController-KNW-4C-XfR.nib/objects-11.0+.nib
copying file ./Payload/RtspClient.app/Base.lproj/Main.storyboardc/UINavigationController-KNW-4C-XfR.nib/runtime.nib ... 
2018-03-28 18:14:07 +0000  2632 bytes for ./Payload/RtspClient.app/Base.lproj/Main.storyboardc/UINavigationController-KNW-4C-XfR.nib/runtime.nib
2018-03-28 18:14:07 +0000  copying file ./Payload/RtspClient.app/Base.lproj/Main.storyboardc/hN9-fo-Gub-view-0Sn-mN-wk5.nib/objects-11.0+.nib ... 
2018-03-28 18:14:07 +0000  1803 bytes for ./Payload/RtspClient.app/Base.lproj/Main.storyboardc/hN9-fo-Gub-view-0Sn-mN-wk5.nib/objects-11.0+.nib
copying file ./Payload/RtspClient.app/Base.lproj/Main.storyboardc/hN9-fo-Gub-view-0Sn-mN-wk5.nib/runtime.nib ... 
2018-03-28 18:14:07 +0000  1803 bytes for ./Payload/RtspClient.app/Base.lproj/Main.storyboardc/hN9-fo-Gub-view-0Sn-mN-wk5.nib/runtime.nib
2018-03-28 18:14:07 +0000  copying file ./Payload/RtspClient.app/Base.lproj/Main.storyboardc/UIViewController-De0-mL-H5n.nib/objects-11.0+.nib ... 
2018-03-28 18:14:07 +0000  1127 bytes for ./Payload/RtspClient.app/Base.lproj/Main.storyboardc/UIViewController-De0-mL-H5n.nib/objects-11.0+.nib
copying file ./Payload/RtspClient.app/Base.lproj/Main.storyboardc/UIViewController-De0-mL-H5n.nib/runtime.nib ... 
2018-03-28 18:14:07 +0000  1127 bytes for ./Payload/RtspClient.app/Base.lproj/Main.storyboardc/UIViewController-De0-mL-H5n.nib/runtime.nib
2018-03-28 18:14:07 +0000  copying file ./Payload/RtspClient.app/Base.lproj/Main.storyboardc/4ng-KB-MZ3-view-9D7-8F-ojn.nib/objects-11.0+.nib ... 
2018-03-28 18:14:07 +0000  1804 bytes for ./Payload/RtspClient.app/Base.lproj/Main.storyboardc/4ng-KB-MZ3-view-9D7-8F-ojn.nib/objects-11.0+.nib
copying file ./Payload/RtspClient.app/Base.lproj/Main.storyboardc/4ng-KB-MZ3-view-9D7-8F-ojn.nib/runtime.nib ... 
2018-03-28 18:14:07 +0000  1804 bytes for ./Payload/RtspClient.app/Base.lproj/Main.storyboardc/4ng-KB-MZ3-view-9D7-8F-ojn.nib/runtime.nib
2018-03-28 18:14:07 +0000  copying file ./Payload/RtspClient.app/Base.lproj/Main.storyboardc/BYZ-38-t0r-view-8bC-Xf-vdC.nib/objects-11.0+.nib ... 
2018-03-28 18:14:07 +0000  6077 bytes for ./Payload/RtspClient.app/Base.lproj/Main.storyboardc/BYZ-38-t0r-view-8bC-Xf-vdC.nib/objects-11.0+.nib
2018-03-28 18:14:07 +0000  copying file ./Payload/RtspClient.app/Base.lproj/Main.storyboardc/BYZ-38-t0r-view-8bC-Xf-vdC.nib/runtime.nib ... 
2018-03-28 18:14:07 +0000  6085 bytes for ./Payload/RtspClient.app/Base.lproj/Main.storyboardc/BYZ-38-t0r-view-8bC-Xf-vdC.nib/runtime.nib
2018-03-28 18:14:07 +0000  copying file ./Payload/RtspClient.app/Base.lproj/Main.storyboardc/Info.plist ... 
2018-03-28 18:14:07 +0000  563 bytes for ./Payload/RtspClient.app/Base.lproj/Main.storyboardc/Info.plist
copying file ./Payload/RtspClient.app/Base.lproj/Main.storyboardc/De0-mL-H5n-view-pnO-bp-Q3z.nib/objects-11.0+.nib ... 
2018-03-28 18:14:07 +0000  1803 bytes for ./Payload/RtspClient.app/Base.lproj/Main.storyboardc/De0-mL-H5n-view-pnO-bp-Q3z.nib/objects-11.0+.nib
copying file ./Payload/RtspClient.app/Base.lproj/Main.storyboardc/De0-mL-H5n-view-pnO-bp-Q3z.nib/runtime.nib ... 
2018-03-28 18:14:07 +0000  1803 bytes for ./Payload/RtspClient.app/Base.lproj/Main.storyboardc/De0-mL-H5n-view-pnO-bp-Q3z.nib/runtime.nib
2018-03-28 18:14:07 +0000  copying file ./Payload/RtspClient.app/Base.lproj/LaunchScreen.storyboardc/01J-lp-oVM-view-Ze5-6b-2t3.nib ... 
2018-03-28 18:14:07 +0000  1792 bytes for ./Payload/RtspClient.app/Base.lproj/LaunchScreen.storyboardc/01J-lp-oVM-view-Ze5-6b-2t3.nib
copying file ./Payload/RtspClient.app/Base.lproj/LaunchScreen.storyboardc/UIViewController-01J-lp-oVM.nib ... 
2018-03-28 18:14:07 +0000  832 bytes for ./Payload/RtspClient.app/Base.lproj/LaunchScreen.storyboardc/UIViewController-01J-lp-oVM.nib
copying file ./Payload/RtspClient.app/Base.lproj/LaunchScreen.storyboardc/Info.plist ... 
2018-03-28 18:14:07 +0000  258 bytes for ./Payload/RtspClient.app/Base.lproj/LaunchScreen.storyboardc/Info.plist
copying file ./Payload/RtspClient.app/archived-expanded-entitlements.xcent ... 
2018-03-28 18:14:07 +0000  406 bytes for ./Payload/RtspClient.app/archived-expanded-entitlements.xcent
copying file ./Payload/RtspClient.app/Assets.car ... 
2018-03-28 18:14:07 +0000  233496 bytes for ./Payload/RtspClient.app/Assets.car
2018-03-28 18:14:07 +0000  copying file ./Payload/RtspClient.app/AppIcon40x40@2x~ipad.png ... 
2018-03-28 18:14:07 +0000  4216 bytes for ./Payload/RtspClient.app/AppIcon40x40@2x~ipad.png
copying file ./Payload/RtspClient.app/AppIcon76x76@2x~ipad.png ... 
2018-03-28 18:14:07 +0000  4893 bytes for ./Payload/RtspClient.app/AppIcon76x76@2x~ipad.png
copying file ./Payload/RtspClient.app/AppIcon72x72~ipad.png ... 
2018-03-28 18:14:07 +0000  4121 bytes for ./Payload/RtspClient.app/AppIcon72x72~ipad.png
copying file ./Payload/RtspClient.app/AppIcon83.5x83.5@2x~ipad.png ... 
2018-03-28 18:14:07 +0000  5060 bytes for ./Payload/RtspClient.app/AppIcon83.5x83.5@2x~ipad.png
copying file ./Payload/RtspClient.app/AppIcon50x50~ipad.png ... 
2018-03-28 18:14:07 +0000  3818 bytes for ./Payload/RtspClient.app/AppIcon50x50~ipad.png
copying file ./Payload/RtspClient.app/AppIcon29x29@2x~ipad.png ... 
2018-03-28 18:14:07 +0000  3905 bytes for ./Payload/RtspClient.app/AppIcon29x29@2x~ipad.png
copying file ./Payload/RtspClient.app/AppIcon50x50@2x~ipad.png ... 
2018-03-28 18:14:07 +0000  4422 bytes for ./Payload/RtspClient.app/AppIcon50x50@2x~ipad.png
copying file ./Payload/RtspClient.app/AppIcon40x40~ipad.png ... 
2018-03-28 18:14:07 +0000  3803 bytes for ./Payload/RtspClient.app/AppIcon40x40~ipad.png
2018-03-28 18:14:07 +0000  copying file ./Payload/RtspClient.app/Frameworks/libswiftCoreImage.dylib ... 
2018-03-28 18:14:07 +0000  209280 bytes for ./Payload/RtspClient.app/Frameworks/libswiftCoreImage.dylib
copying file ./Payload/RtspClient.app/Frameworks/libswiftObjectiveC.dylib ... 
2018-03-28 18:14:07 +0000  259360 bytes for ./Payload/RtspClient.app/Frameworks/libswiftObjectiveC.dylib
copying file ./Payload/RtspClient.app/Frameworks/libswiftCore.dylib ... 
2018-03-28 18:14:08 +0000  21080016 bytes for ./Payload/RtspClient.app/Frameworks/libswiftCore.dylib
copying file ./Payload/RtspClient.app/Frameworks/libswiftCoreGraphics.dylib ... 
2018-03-28 18:14:08 +0000  578176 bytes for ./Payload/RtspClient.app/Frameworks/libswiftCoreGraphics.dylib
copying file ./Payload/RtspClient.app/Frameworks/libswiftUIKit.dylib ... 
2018-03-28 18:14:08 +0000  361904 bytes for ./Payload/RtspClient.app/Frameworks/libswiftUIKit.dylib
copying file ./Payload/RtspClient.app/Frameworks/libswiftMetal.dylib ... 
2018-03-28 18:14:08 +0000  251664 bytes for ./Payload/RtspClient.app/Frameworks/libswiftMetal.dylib
copying file ./Payload/RtspClient.app/Frameworks/libswiftDispatch.dylib ... 
2018-03-28 18:14:08 +0000  1009664 bytes for ./Payload/RtspClient.app/Frameworks/libswiftDispatch.dylib
2018-03-28 18:14:08 +0000  copying file ./Payload/RtspClient.app/Frameworks/libswiftos.dylib ... 
2018-03-28 18:14:08 +0000  249328 bytes for ./Payload/RtspClient.app/Frameworks/libswiftos.dylib
copying file ./Payload/RtspClient.app/Frameworks/libswiftCoreFoundation.dylib ... 
2018-03-28 18:14:08 +0000  208720 bytes for ./Payload/RtspClient.app/Frameworks/libswiftCoreFoundation.dylib
copying file ./Payload/RtspClient.app/Frameworks/libswiftDarwin.dylib ... 
2018-03-28 18:14:08 +0000  303488 bytes for ./Payload/RtspClient.app/Frameworks/libswiftDarwin.dylib
copying file ./Payload/RtspClient.app/Frameworks/libswiftQuartzCore.dylib ... 
2018-03-28 18:14:08 +0000  212624 bytes for ./Payload/RtspClient.app/Frameworks/libswiftQuartzCore.dylib
copying file ./Payload/RtspClient.app/Frameworks/libswiftCoreAudio.dylib ... 
2018-03-28 18:14:08 +0000  354272 bytes for ./Payload/RtspClient.app/Frameworks/libswiftCoreAudio.dylib
copying file ./Payload/RtspClient.app/Frameworks/libswiftAVFoundation.dylib ... 
2018-03-28 18:14:08 +0000  504800 bytes for ./Payload/RtspClient.app/Frameworks/libswiftAVFoundation.dylib
copying file ./Payload/RtspClient.app/Frameworks/libswiftFoundation.dylib ... 
2018-03-28 18:14:09 +0000  8413712 bytes for ./Payload/RtspClient.app/Frameworks/libswiftFoundation.dylib
copying file ./Payload/RtspClient.app/Frameworks/libswiftCoreMedia.dylib ... 
2018-03-28 18:14:09 +0000  254064 bytes for ./Payload/RtspClient.app/Frameworks/libswiftCoreMedia.dylib
copying file ./Payload/RtspClient.app/Frameworks/libswiftsimd.dylib ... 
2018-03-28 18:14:09 +0000  1361664 bytes for ./Payload/RtspClient.app/Frameworks/libswiftsimd.dylib
2018-03-28 18:14:09 +0000  copying file ./Payload/RtspClient.app/AppIcon20x20~ipad.png ... 
3590 bytes for ./Payload/RtspClient.app/AppIcon20x20~ipad.png
copying file ./Payload/RtspClient.app/embedded.mobileprovision ... 
2018-03-28 18:14:09 +0000  7626 bytes for ./Payload/RtspClient.app/embedded.mobileprovision
copying file ./Payload/RtspClient.app/AppIcon20x20@2x~ipad.png ... 
2018-03-28 18:14:09 +0000  3803 bytes for ./Payload/RtspClient.app/AppIcon20x20@2x~ipad.png
2018-03-28 18:14:09 +0000  copying file ./Payload/RtspClient.app/Info.plist ... 
2018-03-28 18:14:09 +0000  1317 bytes for ./Payload/RtspClient.app/Info.plist
copying file ./Payload/RtspClient.app/PkgInfo ... 
8 bytes for ./Payload/RtspClient.app/PkgInfo
2018-03-28 18:14:09 +0000  copying file ./Payload/RtspClient.app/AppIcon76x76~ipad.png ... 
2018-03-28 18:14:09 +0000  4184 bytes for ./Payload/RtspClient.app/AppIcon76x76~ipad.png
2018-03-28 18:14:09 +0000  2018-03-28 18:14:09 +0000  

2018-03-28 18:14:09 +0000  /usr/bin/ditto exited with 0
2018-03-28 18:14:09 +0000  2018-03-28 18:14:09 +0000  

2018-03-28 18:14:09 +0000  Processing step: IDEDistributionCreateManifestStep
